[09:38:48 Warning] **** Unhandled exception rendering component: Object reference not set to an instance of an object. 
[09:38:48 Error] **** Unhandled exception in circuit 'pV5g2UDXcQ5Hl4xqfVYgHsS1HCeb9kK9aGe6caxA-m8'. 
[09:38:48 Warning] **** Unhandled exception rendering component: JavaScript interop calls cannot be issued at this time. This is because the circuit has disconnected and is being disposed. 
[09:38:48 Error] **** Unhandled exception in circuit 'pV5g2UDXcQ5Hl4xqfVYgHsS1HCeb9kK9aGe6caxA-m8'. 
[09:39:03 Warning] **** Unhandled exception rendering component: Value cannot be null. (Parameter 'source') 
[09:39:03 Error] **** Unhandled exception in circuit 'Ykn8BXQvG-BwZLoSB-W2m-gDiRPZeKyLPi9km--b21w'. 
[09:39:03 Warning] **** Unhandled exception rendering component: JavaScript interop calls cannot be issued at this time. This is because the circuit has disconnected and is being disposed. 
[09:39:03 Error] **** Unhandled exception in circuit 'Ykn8BXQvG-BwZLoSB-W2m-gDiRPZeKyLPi9km--b21w'. 
[10:13:21 Warning] **** Unhandled exception rendering component: Object reference not set to an instance of an object. 
[10:13:21 Error] **** Unhandled exception in circuit 'chKMqIFSq3TiBOVhrYSmkKh6Ad7Jk9B-uM743un4EUc'. 
[10:13:21 Warning] **** Unhandled exception rendering component: Cannot access a disposed object. 
[10:13:21 Error] **** Unhandled exception in circuit 'chKMqIFSq3TiBOVhrYSmkKh6Ad7Jk9B-uM743un4EUc'. 
[10:14:21 Error] **** Unhandled exception in circuit 'chKMqIFSq3TiBOVhrYSmkKh6Ad7Jk9B-uM743un4EUc'. 
[10:19:02 Warning] **** Unhandled exception rendering component: Object reference not set to an instance of an object. 
[10:19:02 Error] **** Unhandled exception in circuit 'aWPMa62SpZcw5-H6SCebitlhaCQ3rgAggmOgQFgTYKM'. 
[10:19:02 Warning] **** Unhandled exception rendering component: Cannot access a disposed object. 
[10:19:02 Error] **** Unhandled exception in circuit 'aWPMa62SpZcw5-H6SCebitlhaCQ3rgAggmOgQFgTYKM'. 
[10:19:02 Warning] **** Unhandled exception rendering component: JavaScript interop calls cannot be issued at this time. This is because the circuit has disconnected and is being disposed. 
[10:19:02 Error] **** Unhandled exception in circuit 'aWPMa62SpZcw5-H6SCebitlhaCQ3rgAggmOgQFgTYKM'. 
[10:20:55 Warning] **** Unhandled exception rendering component: Object reference not set to an instance of an object. 
[10:20:55 Error] **** Unhandled exception in circuit 'AinyGKC95WexWBUZ4h6rR8Jze2963cMJb4eBc6uNx10'. 
[10:20:55 Warning] **** Unhandled exception rendering component: Cannot access a disposed object. 
[10:20:55 Error] **** Unhandled exception in circuit 'AinyGKC95WexWBUZ4h6rR8Jze2963cMJb4eBc6uNx10'. 
[10:20:55 Warning] **** Unhandled exception rendering component: JavaScript interop calls cannot be issued at this time. This is because the circuit has disconnected and is being disposed. 
[10:20:55 Error] **** Unhandled exception in circuit 'AinyGKC95WexWBUZ4h6rR8Jze2963cMJb4eBc6uNx10'. 
[11:41:20 Warning] **** Unhandled exception rendering component: Value cannot be null. (Parameter 'model') 
[11:41:20 Error] **** Unhandled exception in circuit '4NbOu_TNqAi-oykIZc0qfCF03ITIAdZdQ_zzt9gcD6g'. 
[11:41:20 Warning] **** Unhandled exception rendering component: Cannot access a disposed object.
Object name: 'IServiceProvider'. 
[11:41:20 Error] **** Unhandled exception in circuit '4NbOu_TNqAi-oykIZc0qfCF03ITIAdZdQ_zzt9gcD6g'. 
[11:42:20 Error] **** Unhandled exception in circuit '4NbOu_TNqAi-oykIZc0qfCF03ITIAdZdQ_zzt9gcD6g'. 
[11:57:15 Warning] **** Unhandled exception rendering component: Value cannot be null. (Parameter 'model') 
[11:57:15 Error] **** Unhandled exception in circuit 'heCcPjP_0K92bNOtBEffchH4yrHlY6bSV5MURit0GZI'. 
[11:57:15 Warning] **** Unhandled exception rendering component: Cannot access a disposed object. 
[11:57:15 Error] **** Unhandled exception in circuit 'heCcPjP_0K92bNOtBEffchH4yrHlY6bSV5MURit0GZI'. 
[11:58:13 Warning] **** Unhandled exception rendering component: Value cannot be null. (Parameter 'model') 
[11:58:13 Error] **** Unhandled exception in circuit 'J5afA-81EI-9oyDvlo8tZNW2fUIJlLPwrdVwIKvWb5s'. 
[11:58:13 Warning] **** Unhandled exception rendering component: Cannot access a disposed object. 
[11:58:13 Error] **** Unhandled exception in circuit 'J5afA-81EI-9oyDvlo8tZNW2fUIJlLPwrdVwIKvWb5s'. 
[12:01:17 Error] **** Unhandled exception in circuit 'qgrdCW7DFMRwZ9kLIqakmeOhYl3rBMj0T7Hk83HypQM'. 
[13:42:31 Warning] **** Unhandled exception rendering component: Value cannot be null. (Parameter 'model') 
[13:42:31 Error] **** Unhandled exception in circuit 'A6ZfEqDt-hM5-sBbwryV6VdvEm361Nr1JfxOv488ui4'. 
[13:42:31 Warning] **** Unhandled exception rendering component: Cannot access a disposed object. 
[13:42:31 Error] **** Unhandled exception in circuit 'A6ZfEqDt-hM5-sBbwryV6VdvEm361Nr1JfxOv488ui4'. 
[13:43:05 Warning] **** Unhandled exception rendering component: Value cannot be null. (Parameter 'model') 
[13:43:05 Error] **** Unhandled exception in circuit '1QdBvGk85xVeHejvK4DFx8R5hKDuY0rpLo7_Hlmo9QE'. 
[13:43:05 Warning] **** Unhandled exception rendering component: Cannot access a disposed object. 
[13:43:05 Error] **** Unhandled exception in circuit '1QdBvGk85xVeHejvK4DFx8R5hKDuY0rpLo7_Hlmo9QE'. 
[13:43:06 Warning] **** Unhandled exception rendering component: JavaScript interop calls cannot be issued at this time. This is because the circuit has disconnected and is being disposed. 
[13:43:06 Error] **** Unhandled exception in circuit '1QdBvGk85xVeHejvK4DFx8R5hKDuY0rpLo7_Hlmo9QE'. 
[13:43:10 Warning] **** Unhandled exception rendering component: Value cannot be null. (Parameter 'model') 
[13:43:10 Error] **** Unhandled exception in circuit 'wZtLha-xsrzqg68gjRzzEl8JtkcVdplBORSvYGiJ6hk'. 
[13:43:10 Warning] **** Unhandled exception rendering component: Cannot access a disposed object. 
[13:43:10 Error] **** Unhandled exception in circuit 'wZtLha-xsrzqg68gjRzzEl8JtkcVdplBORSvYGiJ6hk'. 
[13:43:10 Warning] **** Unhandled exception rendering component: JavaScript interop calls cannot be issued at this time. This is because the circuit has disconnected and is being disposed. 
[13:43:10 Error] **** Unhandled exception in circuit 'wZtLha-xsrzqg68gjRzzEl8JtkcVdplBORSvYGiJ6hk'. 
[13:43:30 Error] **** Unhandled exception in circuit 'A6ZfEqDt-hM5-sBbwryV6VdvEm361Nr1JfxOv488ui4'. 
[13:45:09 Warning] **** Unhandled exception rendering component: Value cannot be null. (Parameter 'model') 
[13:45:09 Error] **** Unhandled exception in circuit 'W36AjhW9-_nZXVQzsHjrrmCkVeoAXUw7hOIjcV4EKZo'. 
[13:45:09 Warning] **** Unhandled exception rendering component: Cannot access a disposed object. 
[13:45:09 Error] **** Unhandled exception in circuit 'W36AjhW9-_nZXVQzsHjrrmCkVeoAXUw7hOIjcV4EKZo'. 
[15:06:11 Error] **** Unhandled exception in circuit 'oCQ_KxIS-CRZh2a_dbYpS_FmxrDcVrt-7TZ4bRWlEtY'. 
[15:19:06 Warning] **** Unhandled exception rendering component: Object reference not set to an instance of an object. 
[15:19:06 Error] **** Unhandled exception in circuit '-6qIq3qiMP-vCJ0KPuMfyms_GCxXXBU9n2i-FAfL2OA'. 
[15:19:06 Warning] **** Unhandled exception rendering component: Cannot access a disposed object. 
[15:19:06 Error] **** Unhandled exception in circuit '-6qIq3qiMP-vCJ0KPuMfyms_GCxXXBU9n2i-FAfL2OA'. 
[15:21:03 Warning] **** Unhandled exception rendering component: Object reference not set to an instance of an object. 
[15:21:03 Error] **** Unhandled exception in circuit 'xtjGs20YoagXOpvkw6arfQv6uZ8Nhll1f9iWmaONKvM'. 
[15:21:03 Warning] **** Unhandled exception rendering component: Cannot access a disposed object. 
[15:21:03 Error] **** Unhandled exception in circuit 'xtjGs20YoagXOpvkw6arfQv6uZ8Nhll1f9iWmaONKvM'. 
[15:21:07 Warning] **** Unhandled exception rendering component: Object reference not set to an instance of an object. 
[15:21:07 Error] **** Unhandled exception in circuit 'bXwUjxsSMnCd0jyoRUSIP-c5THfI_L_aSrNSWqoabsk'. 
[15:21:07 Warning] **** Unhandled exception rendering component: Cannot access a disposed object. 
[15:21:07 Error] **** Unhandled exception in circuit 'bXwUjxsSMnCd0jyoRUSIP-c5THfI_L_aSrNSWqoabsk'. 
[15:21:08 Warning] **** Unhandled exception rendering component: JavaScript interop calls cannot be issued at this time. This is because the circuit has disconnected and is being disposed. 
[15:21:08 Error] **** Unhandled exception in circuit 'bXwUjxsSMnCd0jyoRUSIP-c5THfI_L_aSrNSWqoabsk'. 
[15:21:49 Warning] **** Unhandled exception rendering component: Object reference not set to an instance of an object. 
[15:21:49 Error] **** Unhandled exception in circuit '91OmwtO4TPqMdZFcTh1n-Fa3EWXe55Sg_Q6jHjMzTnQ'. 
[15:21:49 Warning] **** Unhandled exception rendering component: Cannot access a disposed object. 
[15:21:49 Error] **** Unhandled exception in circuit '91OmwtO4TPqMdZFcTh1n-Fa3EWXe55Sg_Q6jHjMzTnQ'. 
[15:21:50 Error] **** Unhandled exception in circuit 'xtjGs20YoagXOpvkw6arfQv6uZ8Nhll1f9iWmaONKvM'. 
[17:09:20 Warning] **** Unhandled exception rendering component: Object reference not set to an instance of an object. 
[17:09:20 Error] **** Unhandled exception in circuit 'IF_EgtikGMpekxGVN3ZUEbhfGb1yI55Sd4B8AXPJtII'. 
[17:09:20 Warning] **** Unhandled exception rendering component: Cannot access a disposed object. 
[17:09:20 Error] **** Unhandled exception in circuit 'IF_EgtikGMpekxGVN3ZUEbhfGb1yI55Sd4B8AXPJtII'. 
[17:39:18 Warning] **** Unhandled exception rendering component: Object reference not set to an instance of an object. 
[17:39:19 Error] **** Unhandled exception in circuit '3GyZLizWRLcloD17xCsPUEUIZfrnxulK8pjsa1AHSK0'. 
[17:39:19 Warning] **** Unhandled exception rendering component: Cannot access a disposed object. 
[17:39:19 Error] **** Unhandled exception in circuit '3GyZLizWRLcloD17xCsPUEUIZfrnxulK8pjsa1AHSK0'. 
[17:39:19 Error] **** Unhandled exception in circuit '3GyZLizWRLcloD17xCsPUEUIZfrnxulK8pjsa1AHSK0'. 
[17:57:35 Warning] **** Unhandled exception rendering component: Object reference not set to an instance of an object. 
[17:57:35 Error] **** Unhandled exception in circuit 'HiYvsu8lVtd6uXoTOY9crydRgtwXfDBdCTePwwS_AgE'. 
[17:57:36 Warning] **** Unhandled exception rendering component: Cannot access a disposed object. 
[17:57:36 Error] **** Unhandled exception in circuit 'HiYvsu8lVtd6uXoTOY9crydRgtwXfDBdCTePwwS_AgE'. 
[17:57:58 Warning] **** Unhandled exception rendering component: Object reference not set to an instance of an object. 
[17:57:58 Error] **** Unhandled exception in circuit 'dejlUoCH3SRJt3QETQXBiHEh0HzI9TlnSPP9U8_XaGM'. 
[17:57:58 Warning] **** Unhandled exception rendering component: Cannot access a disposed object. 
[17:57:58 Error] **** Unhandled exception in circuit 'dejlUoCH3SRJt3QETQXBiHEh0HzI9TlnSPP9U8_XaGM'. 
[17:57:59 Warning] **** Unhandled exception rendering component: JavaScript interop calls cannot be issued at this time. This is because the circuit has disconnected and is being disposed. 
[17:57:59 Error] **** Unhandled exception in circuit 'dejlUoCH3SRJt3QETQXBiHEh0HzI9TlnSPP9U8_XaGM'. 
[18:02:29 Warning] **** Unhandled exception rendering component: Object reference not set to an instance of an object. 
[18:02:29 Error] **** Unhandled exception in circuit 'yL1jtbQTmYl29K4hkrTYJtMnzQ-fQmukaneK0_Q9qrk'. 
[18:02:29 Warning] **** Unhandled exception rendering component: Cannot access a disposed object. 
[18:02:29 Error] **** Unhandled exception in circuit 'yL1jtbQTmYl29K4hkrTYJtMnzQ-fQmukaneK0_Q9qrk'. 
[18:03:04 Warning] **** Unhandled exception rendering component: Object reference not set to an instance of an object. 
[18:03:04 Error] **** Unhandled exception in circuit 'syRfPS0clmGgLX4T88lsFnGymEt4kovYbQzZ9uVS70Q'. 
[18:03:04 Warning] **** Unhandled exception rendering component: Cannot access a disposed object. 
[18:03:04 Error] **** Unhandled exception in circuit 'syRfPS0clmGgLX4T88lsFnGymEt4kovYbQzZ9uVS70Q'. 
[18:05:40 Warning] **** Unhandled exception rendering component: Object reference not set to an instance of an object. 
[18:05:40 Error] **** Unhandled exception in circuit 'MwL4PzX7y-v6bsujTDguSd0UCJBYm9fpAQ6kDp2e0ZI'. 
[18:05:40 Warning] **** Unhandled exception rendering component: Cannot access a disposed object. 
[18:05:40 Error] **** Unhandled exception in circuit 'MwL4PzX7y-v6bsujTDguSd0UCJBYm9fpAQ6kDp2e0ZI'. 
[18:06:53 Warning] **** Unhandled exception rendering component: Object reference not set to an instance of an object. 
[18:06:53 Error] **** Unhandled exception in circuit 'GRsNOSfoIeGmBUkD78Ribszs7qJ3ZwFLkUW4ga2_e6o'. 
[18:06:53 Warning] **** Unhandled exception rendering component: Cannot access a disposed object. 
[18:06:53 Error] **** Unhandled exception in circuit 'GRsNOSfoIeGmBUkD78Ribszs7qJ3ZwFLkUW4ga2_e6o'. 
