[14:39:18 Warning] **** Unhandled exception rendering component: Authorization requires a cascading parameter of type Task<AuthenticationState>. Consider using CascadingAuthenticationState to supply this. 
[14:39:18 Error] **** Unhandled exception in circuit '30XV9V_c-Dkhsp25KWnSAJ4x-18QsQEuOU09uybVunM'. 
[14:39:18 Warning] **** Unhandled exception rendering component: Authorization requires a cascading parameter of type Task<AuthenticationState>. Consider using CascadingAuthenticationState to supply this. 
[14:39:18 Error] **** Unhandled exception in circuit '30XV9V_c-Dkhsp25KWnSAJ4x-18QsQEuOU09uybVunM'. 
[14:39:18 Warning] **** Unhandled exception rendering component: Authorization requires a cascading parameter of type Task<AuthenticationState>. Consider using CascadingAuthenticationState to supply this. 
[14:39:18 Error] **** Unhandled exception in circuit '30XV9V_c-Dkhsp25KWnSAJ4x-18QsQEuOU09uybVunM'. 
[14:39:44 Warning] **** Unhandled exception rendering component: Authorization requires a cascading parameter of type Task<AuthenticationState>. Consider using CascadingAuthenticationState to supply this. 
[14:39:44 Error] **** Unhandled exception in circuit 'RNGgS2GikdovtLAHduZD7mINJcsY4HwzD0jt6BrUhZw'. 
[14:39:44 Warning] **** Unhandled exception rendering component: Authorization requires a cascading parameter of type Task<AuthenticationState>. Consider using CascadingAuthenticationState to supply this. 
[14:39:44 Error] **** Unhandled exception in circuit 'RNGgS2GikdovtLAHduZD7mINJcsY4HwzD0jt6BrUhZw'. 
[14:39:44 Warning] **** Unhandled exception rendering component: Authorization requires a cascading parameter of type Task<AuthenticationState>. Consider using CascadingAuthenticationState to supply this. 
[14:39:44 Error] **** Unhandled exception in circuit 'RNGgS2GikdovtLAHduZD7mINJcsY4HwzD0jt6BrUhZw'. 
[14:39:47 Warning] **** Unhandled exception rendering component: Authorization requires a cascading parameter of type Task<AuthenticationState>. Consider using CascadingAuthenticationState to supply this. 
[14:39:47 Error] **** Unhandled exception in circuit 'zVcKaIL0SQeN8Mw9ezL7BTZiFxkstJvaYiC8oPglQP0'. 
[14:39:47 Warning] **** Unhandled exception rendering component: Authorization requires a cascading parameter of type Task<AuthenticationState>. Consider using CascadingAuthenticationState to supply this. 
[14:39:47 Error] **** Unhandled exception in circuit 'zVcKaIL0SQeN8Mw9ezL7BTZiFxkstJvaYiC8oPglQP0'. 
[14:39:47 Warning] **** Unhandled exception rendering component: Authorization requires a cascading parameter of type Task<AuthenticationState>. Consider using CascadingAuthenticationState to supply this. 
[14:39:47 Error] **** Unhandled exception in circuit 'zVcKaIL0SQeN8Mw9ezL7BTZiFxkstJvaYiC8oPglQP0'. 
[15:02:31 Warning] **** Unhandled exception rendering component: Value cannot be null. (Parameter 'source') 
[15:02:32 Error] **** Unhandled exception in circuit 'H495tEVpv3B5SCrurVuDtounDtw6yhYqAq3f4gLSgF4'. 
[15:02:32 Warning] **** Unhandled exception rendering component: Cannot access a disposed object. 
[15:02:32 Error] **** Unhandled exception in circuit 'H495tEVpv3B5SCrurVuDtounDtw6yhYqAq3f4gLSgF4'. 
[15:03:31 Warning] **** Unhandled exception rendering component: Value cannot be null. (Parameter 'source') 
[15:03:31 Error] **** Unhandled exception in circuit 'wSTjH7EXUe0QI0i6JpJNHrvwKb2OGAdQNNpTQ9bbVfQ'. 
[15:03:31 Warning] **** Unhandled exception rendering component: EditForm requires either a Model parameter, or an EditContext parameter, please provide one of these. 
[15:03:31 Error] **** Unhandled exception in circuit 'wSTjH7EXUe0QI0i6JpJNHrvwKb2OGAdQNNpTQ9bbVfQ'. 
[15:03:34 Error] **** Unhandled exception in circuit 'H495tEVpv3B5SCrurVuDtounDtw6yhYqAq3f4gLSgF4'. 
[15:03:34 Warning] **** Unhandled exception rendering component: Value cannot be null. (Parameter 'source') 
[15:03:34 Error] **** Unhandled exception in circuit '88QGSXhSNN1hrqrA7_qswfEwQj_qlaVm39F-gPyYNuM'. 
[15:03:35 Warning] **** Unhandled exception rendering component: Cannot access a disposed object. 
[15:03:35 Error] **** Unhandled exception in circuit '88QGSXhSNN1hrqrA7_qswfEwQj_qlaVm39F-gPyYNuM'. 
[15:03:35 Warning] **** Unhandled exception rendering component: JavaScript interop calls cannot be issued at this time. This is because the circuit has disconnected and is being disposed. 
[15:03:35 Error] **** Unhandled exception in circuit '88QGSXhSNN1hrqrA7_qswfEwQj_qlaVm39F-gPyYNuM'. 
[15:54:56 Warning] **** Unhandled exception rendering component: Object reference not set to an instance of an object. 
[15:54:56 Error] **** Unhandled exception in circuit 'OQGJtU7FCb2Tc06Q-VJSfPlEuime6jfQl0pZXWplM_s'. 
[15:54:56 Warning] **** Unhandled exception rendering component: JavaScript interop calls cannot be issued at this time. This is because the circuit has disconnected and is being disposed. 
[15:54:56 Error] **** Unhandled exception in circuit 'OQGJtU7FCb2Tc06Q-VJSfPlEuime6jfQl0pZXWplM_s'. 
[15:55:45 Warning] **** Unhandled exception rendering component: Object reference not set to an instance of an object. 
[15:55:45 Error] **** Unhandled exception in circuit 'bfBm0KqA_66KeGAkEApDNllJiHZlBK8TO_jah1FCPhg'. 
[15:55:45 Warning] **** Unhandled exception rendering component: JavaScript interop calls cannot be issued at this time. This is because the circuit has disconnected and is being disposed. 
[15:55:45 Error] **** Unhandled exception in circuit 'bfBm0KqA_66KeGAkEApDNllJiHZlBK8TO_jah1FCPhg'. 
[16:05:12 Warning] **** Unhandled exception rendering component: Value cannot be null. (Parameter 'name') 
[16:05:12 Error] **** Unhandled exception in circuit 'oCPx2LzT71nMJtZF5iSLvktHjgS_WP8X1weNlo1ljOk'. 
[16:05:12 Warning] **** Unhandled exception rendering component: JavaScript interop calls cannot be issued at this time. This is because the circuit has disconnected and is being disposed. 
[16:05:12 Error] **** Unhandled exception in circuit 'oCPx2LzT71nMJtZF5iSLvktHjgS_WP8X1weNlo1ljOk'. 
[16:05:16 Warning] **** Unhandled exception rendering component: Value cannot be null. (Parameter 'name') 
[16:05:16 Error] **** Unhandled exception in circuit 'H9y5sLpgu25QW63YRlmveMIM-tnLaWL2Sj0-pDoq6FI'. 
