[14:39:18 Error] Microsoft.AspNetCore.Components.Server.Circuits.CircuitHost **** Unhandled exception in circuit '30XV9V_c-Dkhsp25KWnSAJ4x-18QsQEuOU09uybVunM'. **** System.InvalidOperationException: Authorization requires a cascading parameter of type Task<AuthenticationState>. Consider using CascadingAuthenticationState to supply this.
   at Microsoft.AspNetCore.Components.Authorization.AuthorizeViewCore.OnParametersSetAsync()
   at Microsoft.AspNetCore.Components.ComponentBase.CallStateHasChangedOnAsyncCompletion(Task task)
   at Microsoft.AspNetCore.Components.ComponentBase.RunInitAndSetParametersAsync()

[14:39:18 Error] Microsoft.AspNetCore.Components.Server.Circuits.CircuitHost **** Unhandled exception in circuit '30XV9V_c-Dkhsp25KWnSAJ4x-18QsQEuOU09uybVunM'. **** System.InvalidOperationException: Authorization requires a cascading parameter of type Task<AuthenticationState>. Consider using CascadingAuthenticationState to supply this.
   at Microsoft.AspNetCore.Components.Authorization.AuthorizeViewCore.OnParametersSetAsync()
   at Microsoft.AspNetCore.Components.ComponentBase.CallStateHasChangedOnAsyncCompletion(Task task)
   at Microsoft.AspNetCore.Components.ComponentBase.RunInitAndSetParametersAsync()

[14:39:18 Error] Microsoft.AspNetCore.Components.Server.Circuits.CircuitHost **** Unhandled exception in circuit '30XV9V_c-Dkhsp25KWnSAJ4x-18QsQEuOU09uybVunM'. **** System.InvalidOperationException: Authorization requires a cascading parameter of type Task<AuthenticationState>. Consider using CascadingAuthenticationState to supply this.
   at Microsoft.AspNetCore.Components.Authorization.AuthorizeViewCore.OnParametersSetAsync()
   at Microsoft.AspNetCore.Components.ComponentBase.CallStateHasChangedOnAsyncCompletion(Task task)
   at Microsoft.AspNetCore.Components.ComponentBase.RunInitAndSetParametersAsync()

[14:39:44 Error] Microsoft.AspNetCore.Components.Server.Circuits.CircuitHost **** Unhandled exception in circuit 'RNGgS2GikdovtLAHduZD7mINJcsY4HwzD0jt6BrUhZw'. **** System.InvalidOperationException: Authorization requires a cascading parameter of type Task<AuthenticationState>. Consider using CascadingAuthenticationState to supply this.
   at Microsoft.AspNetCore.Components.Authorization.AuthorizeViewCore.OnParametersSetAsync()
   at Microsoft.AspNetCore.Components.ComponentBase.CallStateHasChangedOnAsyncCompletion(Task task)
   at Microsoft.AspNetCore.Components.ComponentBase.RunInitAndSetParametersAsync()

[14:39:44 Error] Microsoft.AspNetCore.Components.Server.Circuits.CircuitHost **** Unhandled exception in circuit 'RNGgS2GikdovtLAHduZD7mINJcsY4HwzD0jt6BrUhZw'. **** System.InvalidOperationException: Authorization requires a cascading parameter of type Task<AuthenticationState>. Consider using CascadingAuthenticationState to supply this.
   at Microsoft.AspNetCore.Components.Authorization.AuthorizeViewCore.OnParametersSetAsync()
   at Microsoft.AspNetCore.Components.ComponentBase.CallStateHasChangedOnAsyncCompletion(Task task)
   at Microsoft.AspNetCore.Components.ComponentBase.RunInitAndSetParametersAsync()

[14:39:44 Error] Microsoft.AspNetCore.Components.Server.Circuits.CircuitHost **** Unhandled exception in circuit 'RNGgS2GikdovtLAHduZD7mINJcsY4HwzD0jt6BrUhZw'. **** System.InvalidOperationException: Authorization requires a cascading parameter of type Task<AuthenticationState>. Consider using CascadingAuthenticationState to supply this.
   at Microsoft.AspNetCore.Components.Authorization.AuthorizeViewCore.OnParametersSetAsync()
   at Microsoft.AspNetCore.Components.ComponentBase.CallStateHasChangedOnAsyncCompletion(Task task)
   at Microsoft.AspNetCore.Components.ComponentBase.RunInitAndSetParametersAsync()

[14:39:47 Error] Microsoft.AspNetCore.Components.Server.Circuits.CircuitHost **** Unhandled exception in circuit 'zVcKaIL0SQeN8Mw9ezL7BTZiFxkstJvaYiC8oPglQP0'. **** System.InvalidOperationException: Authorization requires a cascading parameter of type Task<AuthenticationState>. Consider using CascadingAuthenticationState to supply this.
   at Microsoft.AspNetCore.Components.Authorization.AuthorizeViewCore.OnParametersSetAsync()
   at Microsoft.AspNetCore.Components.ComponentBase.CallStateHasChangedOnAsyncCompletion(Task task)
   at Microsoft.AspNetCore.Components.ComponentBase.RunInitAndSetParametersAsync()

[14:39:47 Error] Microsoft.AspNetCore.Components.Server.Circuits.CircuitHost **** Unhandled exception in circuit 'zVcKaIL0SQeN8Mw9ezL7BTZiFxkstJvaYiC8oPglQP0'. **** System.InvalidOperationException: Authorization requires a cascading parameter of type Task<AuthenticationState>. Consider using CascadingAuthenticationState to supply this.
   at Microsoft.AspNetCore.Components.Authorization.AuthorizeViewCore.OnParametersSetAsync()
   at Microsoft.AspNetCore.Components.ComponentBase.CallStateHasChangedOnAsyncCompletion(Task task)
   at Microsoft.AspNetCore.Components.ComponentBase.RunInitAndSetParametersAsync()

[14:39:47 Error] Microsoft.AspNetCore.Components.Server.Circuits.CircuitHost **** Unhandled exception in circuit 'zVcKaIL0SQeN8Mw9ezL7BTZiFxkstJvaYiC8oPglQP0'. **** System.InvalidOperationException: Authorization requires a cascading parameter of type Task<AuthenticationState>. Consider using CascadingAuthenticationState to supply this.
   at Microsoft.AspNetCore.Components.Authorization.AuthorizeViewCore.OnParametersSetAsync()
   at Microsoft.AspNetCore.Components.ComponentBase.CallStateHasChangedOnAsyncCompletion(Task task)
   at Microsoft.AspNetCore.Components.ComponentBase.RunInitAndSetParametersAsync()

[15:02:32 Error] Microsoft.AspNetCore.Components.Server.Circuits.CircuitHost **** Unhandled exception in circuit 'H495tEVpv3B5SCrurVuDtounDtw6yhYqAq3f4gLSgF4'. **** System.ArgumentNullException: Value cannot be null. (Parameter 'source')
   at System.Linq.ThrowHelper.ThrowArgumentNullException(ExceptionArgument argument)
   at System.Linq.Enumerable.Select[TSource,TResult](IEnumerable`1 source, Func`2 selector)
   at IFS.DB.WebApp.Shared.Components.GroupCreationMembersComponent.PrepareEditContextAsync() in D:\Projects\Sources\iBank\DigitalBanking\trunk\Sources\Client\IFS.DB.WebApp\IFS.DB.WebApp\Shared\Components\GroupCreationMembersComponent.razor.cs:line 52
   at IFS.DB.WebApp.Shared.Components.GroupCreationMembersComponent.OnInitializedAsync() in D:\Projects\Sources\iBank\DigitalBanking\trunk\Sources\Client\IFS.DB.WebApp\IFS.DB.WebApp\Shared\Components\GroupCreationMembersComponent.razor.cs:line 27
   at Microsoft.AspNetCore.Components.ComponentBase.RunInitAndSetParametersAsync()

[15:02:32 Error] Microsoft.AspNetCore.Components.Server.Circuits.CircuitHost **** Unhandled exception in circuit 'H495tEVpv3B5SCrurVuDtounDtw6yhYqAq3f4gLSgF4'. **** System.ObjectDisposedException: Cannot access a disposed object.
   at Microsoft.AspNetCore.Components.RenderTree.ArrayBuilder`1.ThrowObjectDisposedException()
   at Microsoft.AspNetCore.Components.RenderTree.ArrayBuilder`1.GrowBuffer(Int32 desiredCapacity)
   at Microsoft.AspNetCore.Components.RenderTree.ArrayBuilder`1.Append(T[] source, Int32 startIndex, Int32 length)
   at Microsoft.AspNetCore.Components.RenderTree.RenderTreeDiffBuilder.InsertNewFrame(DiffContext& diffContext, Int32 newFrameIndex)
   at Microsoft.AspNetCore.Components.RenderTree.RenderTreeDiffBuilder.InsertNewFrame(DiffContext& diffContext, Int32 newFrameIndex)
   at Microsoft.AspNetCore.Components.RenderTree.RenderTreeDiffBuilder.AppendDiffEntriesForRange(DiffContext& diffContext, Int32 oldStartIndex, Int32 oldEndIndexExcl, Int32 newStartIndex, Int32 newEndIndexExcl)
   at Microsoft.AspNetCore.Components.RenderTree.RenderTreeDiffBuilder.ComputeDiff(Renderer renderer, RenderBatchBuilder batchBuilder, Int32 componentId, ArrayRange`1 oldTree, ArrayRange`1 newTree)
   at Microsoft.AspNetCore.Components.Rendering.ComponentState.RenderIntoBatch(RenderBatchBuilder batchBuilder, RenderFragment renderFragment, Exception& renderFragmentException)
   at Microsoft.AspNetCore.Components.RenderTree.Renderer.ProcessRenderQueue()

[15:03:31 Error] Microsoft.AspNetCore.Components.Server.Circuits.CircuitHost **** Unhandled exception in circuit 'wSTjH7EXUe0QI0i6JpJNHrvwKb2OGAdQNNpTQ9bbVfQ'. **** System.ArgumentNullException: Value cannot be null. (Parameter 'source')
   at System.Linq.ThrowHelper.ThrowArgumentNullException(ExceptionArgument argument)
   at System.Linq.Enumerable.Select[TSource,TResult](IEnumerable`1 source, Func`2 selector)
   at IFS.DB.WebApp.Shared.Components.GroupCreationMembersComponent.PrepareEditContextAsync() in D:\Projects\Sources\iBank\DigitalBanking\trunk\Sources\Client\IFS.DB.WebApp\IFS.DB.WebApp\Shared\Components\GroupCreationMembersComponent.razor.cs:line 52
   at IFS.DB.WebApp.Shared.Components.GroupCreationMembersComponent.OnInitializedAsync() in D:\Projects\Sources\iBank\DigitalBanking\trunk\Sources\Client\IFS.DB.WebApp\IFS.DB.WebApp\Shared\Components\GroupCreationMembersComponent.razor.cs:line 27
   at Microsoft.AspNetCore.Components.ComponentBase.RunInitAndSetParametersAsync()

[15:03:31 Error] Microsoft.AspNetCore.Components.Server.Circuits.CircuitHost **** Unhandled exception in circuit 'wSTjH7EXUe0QI0i6JpJNHrvwKb2OGAdQNNpTQ9bbVfQ'. **** System.InvalidOperationException: EditForm requires either a Model parameter, or an EditContext parameter, please provide one of these.
   at Microsoft.AspNetCore.Components.Forms.EditForm.OnParametersSet()
   at Microsoft.AspNetCore.Components.ComponentBase.CallOnParametersSetAsync()
   at Microsoft.AspNetCore.Components.ComponentBase.RunInitAndSetParametersAsync()

[15:03:34 Error] Microsoft.AspNetCore.Components.Server.Circuits.CircuitHost **** Unhandled exception in circuit 'H495tEVpv3B5SCrurVuDtounDtw6yhYqAq3f4gLSgF4'. **** System.Threading.Tasks.TaskCanceledException: A task was canceled.
   at Microsoft.JSInterop.JSRuntime.InvokeAsync[TValue](Int64 targetInstanceId, String identifier, Object[] args)
   at Microsoft.JSInterop.JSObjectReferenceExtensions.InvokeVoidAsync(IJSObjectReference jsObjectReference, String identifier, Object[] args)
   at Blazored.Modal.BlazoredModal.ClearBodyStyles()
   at Blazored.Modal.BlazoredModal.CancelModals(Object sender, LocationChangedEventArgs e)
   at System.Threading.Tasks.Task.<>c.<ThrowAsync>b__128_0(Object state)
   at Microsoft.AspNetCore.Components.Rendering.RendererSynchronizationContext.ExecuteSynchronously(TaskCompletionSource`1 completion, SendOrPostCallback d, Object state)
   at Microsoft.AspNetCore.Components.Rendering.RendererSynchronizationContext.<>c.<.cctor>b__23_0(Object state)
   at System.Threading.ExecutionContext.RunInternal(ExecutionContext executionContext, ContextCallback callback, Object state)
--- End of stack trace from previous location ---
   at System.Threading.ExecutionContext.RunInternal(ExecutionContext executionContext, ContextCallback callback, Object state)
   at System.Threading.ExecutionContext.Run(ExecutionContext executionContext, ContextCallback callback, Object state)
   at Microsoft.AspNetCore.Components.Rendering.RendererSynchronizationContext.ExecuteBackground(WorkItem item)

[15:03:34 Error] Microsoft.AspNetCore.Components.Server.Circuits.CircuitHost **** Unhandled exception in circuit '88QGSXhSNN1hrqrA7_qswfEwQj_qlaVm39F-gPyYNuM'. **** System.ArgumentNullException: Value cannot be null. (Parameter 'source')
   at System.Linq.ThrowHelper.ThrowArgumentNullException(ExceptionArgument argument)
   at System.Linq.Enumerable.Select[TSource,TResult](IEnumerable`1 source, Func`2 selector)
   at IFS.DB.WebApp.Shared.Components.GroupCreationMembersComponent.PrepareEditContextAsync() in D:\Projects\Sources\iBank\DigitalBanking\trunk\Sources\Client\IFS.DB.WebApp\IFS.DB.WebApp\Shared\Components\GroupCreationMembersComponent.razor.cs:line 52
   at IFS.DB.WebApp.Shared.Components.GroupCreationMembersComponent.OnInitializedAsync() in D:\Projects\Sources\iBank\DigitalBanking\trunk\Sources\Client\IFS.DB.WebApp\IFS.DB.WebApp\Shared\Components\GroupCreationMembersComponent.razor.cs:line 27
   at Microsoft.AspNetCore.Components.ComponentBase.RunInitAndSetParametersAsync()

[15:03:35 Error] Microsoft.AspNetCore.Components.Server.Circuits.CircuitHost **** Unhandled exception in circuit '88QGSXhSNN1hrqrA7_qswfEwQj_qlaVm39F-gPyYNuM'. **** System.ObjectDisposedException: Cannot access a disposed object.
   at Microsoft.AspNetCore.Components.RenderTree.ArrayBuilder`1.ThrowObjectDisposedException()
   at Microsoft.AspNetCore.Components.RenderTree.ArrayBuilder`1.GrowBuffer(Int32 desiredCapacity)
   at Microsoft.AspNetCore.Components.RenderTree.ArrayBuilder`1.Append(T[] source, Int32 startIndex, Int32 length)
   at Microsoft.AspNetCore.Components.RenderTree.RenderTreeDiffBuilder.InsertNewFrame(DiffContext& diffContext, Int32 newFrameIndex)
   at Microsoft.AspNetCore.Components.RenderTree.RenderTreeDiffBuilder.InsertNewFrame(DiffContext& diffContext, Int32 newFrameIndex)
   at Microsoft.AspNetCore.Components.RenderTree.RenderTreeDiffBuilder.AppendDiffEntriesForRange(DiffContext& diffContext, Int32 oldStartIndex, Int32 oldEndIndexExcl, Int32 newStartIndex, Int32 newEndIndexExcl)
   at Microsoft.AspNetCore.Components.RenderTree.RenderTreeDiffBuilder.ComputeDiff(Renderer renderer, RenderBatchBuilder batchBuilder, Int32 componentId, ArrayRange`1 oldTree, ArrayRange`1 newTree)
   at Microsoft.AspNetCore.Components.Rendering.ComponentState.RenderIntoBatch(RenderBatchBuilder batchBuilder, RenderFragment renderFragment, Exception& renderFragmentException)
   at Microsoft.AspNetCore.Components.RenderTree.Renderer.ProcessRenderQueue()

[15:03:35 Error] Microsoft.AspNetCore.Components.Server.Circuits.CircuitHost **** Unhandled exception in circuit '88QGSXhSNN1hrqrA7_qswfEwQj_qlaVm39F-gPyYNuM'. **** Microsoft.JSInterop.JSDisconnectedException: JavaScript interop calls cannot be issued at this time. This is because the circuit has disconnected and is being disposed.
   at Microsoft.AspNetCore.Components.Server.Circuits.RemoteJSRuntime.BeginInvokeJS(Int64 asyncHandle, String identifier, String argsJson, JSCallResultType resultType, Int64 targetInstanceId)
   at Microsoft.JSInterop.JSRuntime.InvokeAsync[TValue](Int64 targetInstanceId, String identifier, CancellationToken cancellationToken, Object[] args)
   at Microsoft.JSInterop.JSRuntime.InvokeAsync[TValue](String identifier, CancellationToken cancellationToken, Object[] args)
   at Microsoft.JSInterop.JSRuntimeExtensions.InvokeAsync[TValue](IJSRuntime jsRuntime, String identifier, CancellationToken cancellationToken, Object[] args)
   at Blazored.LocalStorage.BrowserStorageProvider.GetItemAsync(String key, Nullable`1 cancellationToken)
   at Blazored.LocalStorage.LocalStorageService.GetItemAsync[T](String key, Nullable`1 cancellationToken)
   at IFS.DB.WebApp.Helpers.AuthProviders.ApplicationAuthStateProvider.GetAuthenticationStateAsync() in D:\Projects\Sources\iBank\DigitalBanking\trunk\Sources\Client\IFS.DB.WebApp\IFS.DB.WebApp\Helpers\AuthProviders\ApplicationAuthStateProvider.cs:line 24
   at IFS.DB.WebApp.Features.Admin.AdminLayout.OnInitializedAsync() in D:\Projects\Sources\iBank\DigitalBanking\trunk\Sources\Client\IFS.DB.WebApp\IFS.DB.WebApp\Features\Admin\AdminLayout.razor.cs:line 13
   at Microsoft.AspNetCore.Components.ComponentBase.RunInitAndSetParametersAsync()
   at Microsoft.AspNetCore.Components.RenderTree.Renderer.GetErrorHandledTask(Task taskToHandle, ComponentState owningComponentState)

[15:54:56 Error] Microsoft.AspNetCore.Components.Server.Circuits.CircuitHost **** Unhandled exception in circuit 'OQGJtU7FCb2Tc06Q-VJSfPlEuime6jfQl0pZXWplM_s'. **** System.NullReferenceException: Object reference not set to an instance of an object.
   at IFS.DB.WebApp.Shared.Components.DataGridComponent`1.BuildRenderTree(RenderTreeBuilder __builder) in D:\Projects\Sources\iBank\DigitalBanking\trunk\Sources\Client\IFS.DB.WebApp\IFS.DB.WebApp\Shared\Components\DataGridComponent.razor:line 4
   at Microsoft.AspNetCore.Components.ComponentBase.<.ctor>b__6_0(RenderTreeBuilder builder)
   at Microsoft.AspNetCore.Components.Rendering.ComponentState.RenderIntoBatch(RenderBatchBuilder batchBuilder, RenderFragment renderFragment, Exception& renderFragmentException)

[15:54:56 Error] Microsoft.AspNetCore.Components.Server.Circuits.CircuitHost **** Unhandled exception in circuit 'OQGJtU7FCb2Tc06Q-VJSfPlEuime6jfQl0pZXWplM_s'. **** Microsoft.JSInterop.JSDisconnectedException: JavaScript interop calls cannot be issued at this time. This is because the circuit has disconnected and is being disposed.
   at Microsoft.AspNetCore.Components.Server.Circuits.RemoteJSRuntime.BeginInvokeJS(Int64 asyncHandle, String identifier, String argsJson, JSCallResultType resultType, Int64 targetInstanceId)
   at Microsoft.JSInterop.JSRuntime.InvokeAsync[TValue](Int64 targetInstanceId, String identifier, CancellationToken cancellationToken, Object[] args)
   at Microsoft.JSInterop.JSRuntime.InvokeAsync[TValue](String identifier, CancellationToken cancellationToken, Object[] args)
   at Microsoft.JSInterop.JSRuntimeExtensions.InvokeAsync[TValue](IJSRuntime jsRuntime, String identifier, CancellationToken cancellationToken, Object[] args)
   at Blazored.LocalStorage.BrowserStorageProvider.GetItemAsync(String key, Nullable`1 cancellationToken)
   at Blazored.LocalStorage.LocalStorageService.GetItemAsync[T](String key, Nullable`1 cancellationToken)
   at IFS.DB.WebApp.Helpers.AuthProviders.ApplicationAuthStateProvider.GetAuthenticationStateAsync() in D:\Projects\Sources\iBank\DigitalBanking\trunk\Sources\Client\IFS.DB.WebApp\IFS.DB.WebApp\Helpers\AuthProviders\ApplicationAuthStateProvider.cs:line 24
   at IFS.DB.WebApp.Features.Admin.HostAdminLayout.OnInitializedAsync() in D:\Projects\Sources\iBank\DigitalBanking\trunk\Sources\Client\IFS.DB.WebApp\IFS.DB.WebApp\Features\Admin\HostAdminLayout.razor.cs:line 13
   at Microsoft.AspNetCore.Components.ComponentBase.RunInitAndSetParametersAsync()
   at Microsoft.AspNetCore.Components.RenderTree.Renderer.GetErrorHandledTask(Task taskToHandle, ComponentState owningComponentState)

[15:55:45 Error] Microsoft.AspNetCore.Components.Server.Circuits.CircuitHost **** Unhandled exception in circuit 'bfBm0KqA_66KeGAkEApDNllJiHZlBK8TO_jah1FCPhg'. **** System.NullReferenceException: Object reference not set to an instance of an object.
   at IFS.DB.WebApp.Shared.Components.DataGridComponent`1.BuildRenderTree(RenderTreeBuilder __builder) in D:\Projects\Sources\iBank\DigitalBanking\trunk\Sources\Client\IFS.DB.WebApp\IFS.DB.WebApp\Shared\Components\DataGridComponent.razor:line 4
   at Microsoft.AspNetCore.Components.ComponentBase.<.ctor>b__6_0(RenderTreeBuilder builder)
   at Microsoft.AspNetCore.Components.Rendering.ComponentState.RenderIntoBatch(RenderBatchBuilder batchBuilder, RenderFragment renderFragment, Exception& renderFragmentException)

[15:55:45 Error] Microsoft.AspNetCore.Components.Server.Circuits.CircuitHost **** Unhandled exception in circuit 'bfBm0KqA_66KeGAkEApDNllJiHZlBK8TO_jah1FCPhg'. **** Microsoft.JSInterop.JSDisconnectedException: JavaScript interop calls cannot be issued at this time. This is because the circuit has disconnected and is being disposed.
   at Microsoft.AspNetCore.Components.Server.Circuits.RemoteJSRuntime.BeginInvokeJS(Int64 asyncHandle, String identifier, String argsJson, JSCallResultType resultType, Int64 targetInstanceId)
   at Microsoft.JSInterop.JSRuntime.InvokeAsync[TValue](Int64 targetInstanceId, String identifier, CancellationToken cancellationToken, Object[] args)
   at Microsoft.JSInterop.JSRuntime.InvokeAsync[TValue](String identifier, CancellationToken cancellationToken, Object[] args)
   at Microsoft.JSInterop.JSRuntimeExtensions.InvokeAsync[TValue](IJSRuntime jsRuntime, String identifier, CancellationToken cancellationToken, Object[] args)
   at Blazored.LocalStorage.BrowserStorageProvider.GetItemAsync(String key, Nullable`1 cancellationToken)
   at Blazored.LocalStorage.LocalStorageService.GetItemAsync[T](String key, Nullable`1 cancellationToken)
   at IFS.DB.WebApp.Helpers.AuthProviders.ApplicationAuthStateProvider.GetAuthenticationStateAsync() in D:\Projects\Sources\iBank\DigitalBanking\trunk\Sources\Client\IFS.DB.WebApp\IFS.DB.WebApp\Helpers\AuthProviders\ApplicationAuthStateProvider.cs:line 24
   at IFS.DB.WebApp.Features.Admin.HostAdminLayout.OnInitializedAsync() in D:\Projects\Sources\iBank\DigitalBanking\trunk\Sources\Client\IFS.DB.WebApp\IFS.DB.WebApp\Features\Admin\HostAdminLayout.razor.cs:line 13
   at Microsoft.AspNetCore.Components.ComponentBase.RunInitAndSetParametersAsync()
   at Microsoft.AspNetCore.Components.RenderTree.Renderer.GetErrorHandledTask(Task taskToHandle, ComponentState owningComponentState)

[16:05:12 Error] Microsoft.AspNetCore.Components.Server.Circuits.CircuitHost **** Unhandled exception in circuit 'oCPx2LzT71nMJtZF5iSLvktHjgS_WP8X1weNlo1ljOk'. **** System.ArgumentNullException: Value cannot be null. (Parameter 'name')
   at System.Type.GetProperty(String name, BindingFlags bindingAttr)
   at System.Type.GetProperty(String name)
   at IFS.DB.WebApp.Shared.Components.DataGridComponent`1.BuildRenderTree(RenderTreeBuilder __builder) in D:\Projects\Sources\iBank\DigitalBanking\trunk\Sources\Client\IFS.DB.WebApp\IFS.DB.WebApp\Shared\Components\DataGridComponent.razor:line 90
   at Microsoft.AspNetCore.Components.ComponentBase.<.ctor>b__6_0(RenderTreeBuilder builder)
   at Microsoft.AspNetCore.Components.Rendering.ComponentState.RenderIntoBatch(RenderBatchBuilder batchBuilder, RenderFragment renderFragment, Exception& renderFragmentException)

[16:05:12 Error] Microsoft.AspNetCore.Components.Server.Circuits.CircuitHost **** Unhandled exception in circuit 'oCPx2LzT71nMJtZF5iSLvktHjgS_WP8X1weNlo1ljOk'. **** Microsoft.JSInterop.JSDisconnectedException: JavaScript interop calls cannot be issued at this time. This is because the circuit has disconnected and is being disposed.
   at Microsoft.AspNetCore.Components.Server.Circuits.RemoteJSRuntime.BeginInvokeJS(Int64 asyncHandle, String identifier, String argsJson, JSCallResultType resultType, Int64 targetInstanceId)
   at Microsoft.JSInterop.JSRuntime.InvokeAsync[TValue](Int64 targetInstanceId, String identifier, CancellationToken cancellationToken, Object[] args)
   at Microsoft.JSInterop.JSRuntime.InvokeAsync[TValue](String identifier, CancellationToken cancellationToken, Object[] args)
   at Microsoft.JSInterop.JSRuntimeExtensions.InvokeAsync[TValue](IJSRuntime jsRuntime, String identifier, CancellationToken cancellationToken, Object[] args)
   at Blazored.LocalStorage.BrowserStorageProvider.GetItemAsync(String key, Nullable`1 cancellationToken)
   at Blazored.LocalStorage.LocalStorageService.GetItemAsync[T](String key, Nullable`1 cancellationToken)
   at IFS.DB.WebApp.Helpers.AuthProviders.ApplicationAuthStateProvider.GetAuthenticationStateAsync() in D:\Projects\Sources\iBank\DigitalBanking\trunk\Sources\Client\IFS.DB.WebApp\IFS.DB.WebApp\Helpers\AuthProviders\ApplicationAuthStateProvider.cs:line 24
   at IFS.DB.WebApp.Features.Admin.HostAdminLayout.OnInitializedAsync() in D:\Projects\Sources\iBank\DigitalBanking\trunk\Sources\Client\IFS.DB.WebApp\IFS.DB.WebApp\Features\Admin\HostAdminLayout.razor.cs:line 13
   at Microsoft.AspNetCore.Components.ComponentBase.RunInitAndSetParametersAsync()
   at Microsoft.AspNetCore.Components.RenderTree.Renderer.GetErrorHandledTask(Task taskToHandle, ComponentState owningComponentState)

[16:05:16 Error] Microsoft.AspNetCore.Components.Server.Circuits.CircuitHost **** Unhandled exception in circuit 'H9y5sLpgu25QW63YRlmveMIM-tnLaWL2Sj0-pDoq6FI'. **** System.ArgumentNullException: Value cannot be null. (Parameter 'name')
   at System.Type.GetProperty(String name, BindingFlags bindingAttr)
   at System.Type.GetProperty(String name)
   at IFS.DB.WebApp.Shared.Components.DataGridComponent`1.BuildRenderTree(RenderTreeBuilder __builder) in D:\Projects\Sources\iBank\DigitalBanking\trunk\Sources\Client\IFS.DB.WebApp\IFS.DB.WebApp\Shared\Components\DataGridComponent.razor:line 90
   at Microsoft.AspNetCore.Components.ComponentBase.<.ctor>b__6_0(RenderTreeBuilder builder)
   at Microsoft.AspNetCore.Components.Rendering.ComponentState.RenderIntoBatch(RenderBatchBuilder batchBuilder, RenderFragment renderFragment, Exception& renderFragmentException)

