[09:14:50 Warning] **** Unhandled exception rendering component: Object reference not set to an instance of an object. 
[09:14:50 Error] **** Unhandled exception in circuit 'f5Khim1fDi1TzZeD4yx-4c2Z59qzQNjVBH4pyUpD93o'. 
[14:43:10 Warning] **** Unhandled exception rendering component: EditForm requires either a Model parameter, or an EditContext parameter, please provide one of these. 
[14:43:10 Error] **** Unhandled exception in circuit 'zpw_bBLtJFdiTHhJFbYqEnccPcUqiA3MLCLTtE3arvc'. 
[14:43:10 Warning] **** Unhandled exception rendering component: Cannot access a disposed object. 
[14:43:10 Error] **** Unhandled exception in circuit 'zpw_bBLtJFdiTHhJFbYqEnccPcUqiA3MLCLTtE3arvc'. 
[14:44:10 Error] **** Unhandled exception in circuit 'zpw_bBLtJFdiTHhJFbYqEnccPcUqiA3MLCLTtE3arvc'. 
[14:49:30 Warning] **** Unhandled exception rendering component: EditForm requires either a Model parameter, or an EditContext parameter, please provide one of these. 
[14:49:30 Error] **** Unhandled exception in circuit 'uT8CR6Le6JfDY87Fx0ft_Ngbk5HkzO51393zdMcaUWA'. 
[14:49:30 Warning] **** Unhandled exception rendering component: Cannot access a disposed object. 
[14:49:30 Error] **** Unhandled exception in circuit 'uT8CR6Le6JfDY87Fx0ft_Ngbk5HkzO51393zdMcaUWA'. 
[14:49:37 Warning] **** Unhandled exception rendering component: EditForm requires either a Model parameter, or an EditContext parameter, please provide one of these. 
[14:49:37 Error] **** Unhandled exception in circuit 'yb-bXbDAIu_cLnIhJOP_YshSArcCiFQ9IrLHYrLAep0'. 
[14:49:37 Warning] **** Unhandled exception rendering component: Cannot access a disposed object. 
[14:49:37 Error] **** Unhandled exception in circuit 'yb-bXbDAIu_cLnIhJOP_YshSArcCiFQ9IrLHYrLAep0'. 
[14:49:37 Warning] **** Unhandled exception rendering component: JavaScript interop calls cannot be issued at this time. This is because the circuit has disconnected and is being disposed. 
[14:49:37 Error] **** Unhandled exception in circuit 'yb-bXbDAIu_cLnIhJOP_YshSArcCiFQ9IrLHYrLAep0'. 
[14:49:39 Warning] **** Unhandled exception rendering component: EditForm requires either a Model parameter, or an EditContext parameter, please provide one of these. 
[14:49:39 Error] **** Unhandled exception in circuit 'KMVNwVM448YwrGSm6xALuD0iW26NXDBqsbvLgkF07i4'. 
[14:49:39 Warning] **** Unhandled exception rendering component: Cannot access a disposed object. 
[14:49:39 Error] **** Unhandled exception in circuit 'KMVNwVM448YwrGSm6xALuD0iW26NXDBqsbvLgkF07i4'. 
[14:49:50 Warning] **** Unhandled exception rendering component: EditForm requires either a Model parameter, or an EditContext parameter, please provide one of these. 
[14:49:50 Error] **** Unhandled exception in circuit 'IY7MBquVUQWNHUbbv4xzOQe79eHlTqwrW6lPfOBOjrA'. 
[14:49:50 Warning] **** Unhandled exception rendering component: Cannot access a disposed object. 
[14:49:50 Error] **** Unhandled exception in circuit 'IY7MBquVUQWNHUbbv4xzOQe79eHlTqwrW6lPfOBOjrA'. 
[14:49:50 Warning] **** Unhandled exception rendering component: JavaScript interop calls cannot be issued at this time. This is because the circuit has disconnected and is being disposed. 
[14:49:50 Error] **** Unhandled exception in circuit 'IY7MBquVUQWNHUbbv4xzOQe79eHlTqwrW6lPfOBOjrA'. 
[14:53:37 Warning] **** Unhandled exception rendering component: Object reference not set to an instance of an object. 
[14:53:37 Error] **** Unhandled exception in circuit 'M1W9z7fr5_snbS_yOeQNM-yplOl6LoBLdp3VuFkgh34'. 
[14:53:37 Warning] **** Unhandled exception rendering component: Cannot access a disposed object. 
[14:53:37 Error] **** Unhandled exception in circuit 'M1W9z7fr5_snbS_yOeQNM-yplOl6LoBLdp3VuFkgh34'. 
[14:53:37 Warning] **** Unhandled exception rendering component: JavaScript interop calls cannot be issued at this time. This is because the circuit has disconnected and is being disposed. 
[14:53:37 Error] **** Unhandled exception in circuit 'M1W9z7fr5_snbS_yOeQNM-yplOl6LoBLdp3VuFkgh34'. 
[14:56:53 Warning] **** Unhandled exception rendering component: Value cannot be null. (Parameter 'model') 
[14:56:53 Error] **** Unhandled exception in circuit 'vth_XzP96QaKWSiZucPwlFAO9ZDu7mfzuzQDmqzV6dc'. 
[14:56:54 Warning] **** Unhandled exception rendering component: Cannot access a disposed object. 
[14:56:54 Error] **** Unhandled exception in circuit 'vth_XzP96QaKWSiZucPwlFAO9ZDu7mfzuzQDmqzV6dc'. 
[14:56:54 Warning] **** Unhandled exception rendering component: JavaScript interop calls cannot be issued at this time. This is because the circuit has disconnected and is being disposed. 
[14:56:54 Error] **** Unhandled exception in circuit 'vth_XzP96QaKWSiZucPwlFAO9ZDu7mfzuzQDmqzV6dc'. 
[14:57:02 Warning] **** Unhandled exception rendering component: Value cannot be null. (Parameter 'model') 
[14:57:02 Error] **** Unhandled exception in circuit '7guV3iyheQc0GwKzLA3PcKQ1uoU-bFw-qDg2FWBYbts'. 
[14:57:02 Warning] **** Unhandled exception rendering component: Cannot access a disposed object. 
[14:57:02 Error] **** Unhandled exception in circuit '7guV3iyheQc0GwKzLA3PcKQ1uoU-bFw-qDg2FWBYbts'. 
[14:57:03 Warning] **** Unhandled exception rendering component: Value cannot be null. (Parameter 'model') 
[14:57:03 Error] **** Unhandled exception in circuit 'Q-6mrAp_X4f5PFko3b7N1jmYQE37pMCrH-mKuYvtWuA'. 
[14:57:03 Warning] **** Unhandled exception rendering component: Cannot access a disposed object. 
[14:57:03 Error] **** Unhandled exception in circuit 'Q-6mrAp_X4f5PFko3b7N1jmYQE37pMCrH-mKuYvtWuA'. 
[14:57:04 Warning] **** Unhandled exception rendering component: Value cannot be null. (Parameter 'model') 
[14:57:04 Error] **** Unhandled exception in circuit 'gR2aZyEBT_lR2f-vusQ0w8mq6jr7gsi3bDGsnBXlGWc'. 
[14:57:04 Warning] **** Unhandled exception rendering component: Cannot access a disposed object. 
[14:57:04 Error] **** Unhandled exception in circuit 'gR2aZyEBT_lR2f-vusQ0w8mq6jr7gsi3bDGsnBXlGWc'. 
[14:57:39 Warning] **** Unhandled exception rendering component: Value cannot be null. (Parameter 'model') 
[14:57:39 Error] **** Unhandled exception in circuit '_pZiY9InehernffanbmEfVByB9yY_8nBRMcB8Oa-GKc'. 
[14:57:39 Warning] **** Unhandled exception rendering component: Cannot access a disposed object. 
[14:57:39 Error] **** Unhandled exception in circuit '_pZiY9InehernffanbmEfVByB9yY_8nBRMcB8Oa-GKc'. 
[14:57:39 Warning] **** Unhandled exception rendering component: JavaScript interop calls cannot be issued at this time. This is because the circuit has disconnected and is being disposed. 
[14:57:39 Error] **** Unhandled exception in circuit '_pZiY9InehernffanbmEfVByB9yY_8nBRMcB8Oa-GKc'. 
[15:00:10 Warning] **** Unhandled exception rendering component: Value cannot be null. (Parameter 'model') 
[15:00:10 Error] **** Unhandled exception in circuit 'Ib_Ja1nda4KdFnlg7oksy2qd75Ar_V78ZMFY_b1OrVc'. 
[15:00:10 Warning] **** Unhandled exception rendering component: Cannot access a disposed object. 
[15:00:10 Error] **** Unhandled exception in circuit 'Ib_Ja1nda4KdFnlg7oksy2qd75Ar_V78ZMFY_b1OrVc'. 
[15:00:10 Warning] **** Unhandled exception rendering component: JavaScript interop calls cannot be issued at this time. This is because the circuit has disconnected and is being disposed. 
[15:00:10 Error] **** Unhandled exception in circuit 'Ib_Ja1nda4KdFnlg7oksy2qd75Ar_V78ZMFY_b1OrVc'. 
[15:02:15 Warning] **** Unhandled exception rendering component: Value cannot be null. (Parameter 'model') 
[15:02:15 Error] **** Unhandled exception in circuit 'vsiy_-hbDIezQTnpdxnLs-miV04toNXIgPj5k1X0mUY'. 
[15:02:16 Warning] **** Unhandled exception rendering component: Cannot access a disposed object. 
[15:02:16 Error] **** Unhandled exception in circuit 'vsiy_-hbDIezQTnpdxnLs-miV04toNXIgPj5k1X0mUY'. 
[15:04:41 Warning] **** Unhandled exception rendering component: EditForm requires either a Model parameter, or an EditContext parameter, please provide one of these. 
[15:04:42 Error] **** Unhandled exception in circuit 'AujGWyIrFHtB9RDV2L93psm1vK0C-I2J-pmNWg0sdSY'. 
[15:04:42 Warning] **** Unhandled exception rendering component: Cannot access a disposed object. 
[15:04:42 Error] **** Unhandled exception in circuit 'AujGWyIrFHtB9RDV2L93psm1vK0C-I2J-pmNWg0sdSY'. 
[15:05:12 Warning] **** Unhandled exception rendering component: EditForm requires either a Model parameter, or an EditContext parameter, please provide one of these. 
[15:05:12 Error] **** Unhandled exception in circuit 'EFlovaxQ9J5GydN68q4RI7LB9ML5byFqzyV2yqKBR2c'. 
[15:05:12 Warning] **** Unhandled exception rendering component: Cannot access a disposed object. 
[15:05:12 Error] **** Unhandled exception in circuit 'EFlovaxQ9J5GydN68q4RI7LB9ML5byFqzyV2yqKBR2c'. 
[15:05:12 Warning] **** Unhandled exception rendering component: JavaScript interop calls cannot be issued at this time. This is because the circuit has disconnected and is being disposed. 
[15:05:12 Error] **** Unhandled exception in circuit 'EFlovaxQ9J5GydN68q4RI7LB9ML5byFqzyV2yqKBR2c'. 
[15:06:18 Warning] **** Unhandled exception rendering component: Value cannot be null. (Parameter 'model') 
[15:06:18 Error] **** Unhandled exception in circuit 'AGophc6jcZ_ih3TVQFrvm0mRpKYJD95ULedb4ff707Q'. 
[15:06:18 Warning] **** Unhandled exception rendering component: Cannot access a disposed object. 
[15:06:18 Error] **** Unhandled exception in circuit 'AGophc6jcZ_ih3TVQFrvm0mRpKYJD95ULedb4ff707Q'. 
[15:06:18 Warning] **** Unhandled exception rendering component: JavaScript interop calls cannot be issued at this time. This is because the circuit has disconnected and is being disposed. 
[15:06:18 Error] **** Unhandled exception in circuit 'AGophc6jcZ_ih3TVQFrvm0mRpKYJD95ULedb4ff707Q'. 
[15:06:19 Warning] **** Unhandled exception rendering component: Value cannot be null. (Parameter 'model') 
[15:06:19 Error] **** Unhandled exception in circuit 'phZrY5NiT420edqb6uVjUvzez_mu-4pvN7thlBohUF8'. 
[15:06:19 Warning] **** Unhandled exception rendering component: Cannot access a disposed object. 
[15:06:19 Error] **** Unhandled exception in circuit 'phZrY5NiT420edqb6uVjUvzez_mu-4pvN7thlBohUF8'. 
[15:06:59 Warning] **** Unhandled exception rendering component: Exception has been thrown by the target of an invocation. 
[15:06:59 Error] **** Unhandled exception in circuit 'smBBFeubbwf-hVSksHmfsEdTZL1Ww0ldRCzQ4DZ6eBk'. 
[15:06:59 Warning] **** Unhandled exception rendering component: JavaScript interop calls cannot be issued at this time. This is because the circuit has disconnected and is being disposed. 
[15:06:59 Error] **** Unhandled exception in circuit 'smBBFeubbwf-hVSksHmfsEdTZL1Ww0ldRCzQ4DZ6eBk'. 
[15:07:02 Warning] **** Unhandled exception rendering component: Exception has been thrown by the target of an invocation. 
[15:07:02 Error] **** Unhandled exception in circuit 'pbWsIDiIN9MkvXIHQJoga_bJ9KhiMDvkiaQbphIpQYA'. 
[15:07:03 Warning] **** Unhandled exception rendering component: Exception has been thrown by the target of an invocation. 
[15:07:03 Error] **** Unhandled exception in circuit '1tGfnu4I1fBxscntScBUQqOz5Fbod9QQ5eMT1sjlFU4'. 
[15:07:07 Warning] **** Unhandled exception rendering component: Exception has been thrown by the target of an invocation. 
[15:07:07 Error] **** Unhandled exception in circuit 'YYeG1q2SMrA4XmX5w21BH-ypXbxuSf93ETKZA20nO1o'. 
[15:08:07 Error] **** Unhandled exception in circuit 'YYeG1q2SMrA4XmX5w21BH-ypXbxuSf93ETKZA20nO1o'. 
[15:08:38 Warning] **** Unhandled exception rendering component: Value cannot be null. (Parameter 'model') 
[15:08:38 Error] **** Unhandled exception in circuit 'g1LS44Oe6JQ9IeeDuo9Zz4Wq6KGAT0C-81Bw_8D3DgU'. 
[15:08:38 Warning] **** Unhandled exception rendering component: Cannot access a disposed object. 
[15:08:38 Error] **** Unhandled exception in circuit 'g1LS44Oe6JQ9IeeDuo9Zz4Wq6KGAT0C-81Bw_8D3DgU'. 
[15:08:38 Warning] **** Unhandled exception rendering component: JavaScript interop calls cannot be issued at this time. This is because the circuit has disconnected and is being disposed. 
[15:08:38 Error] **** Unhandled exception in circuit 'g1LS44Oe6JQ9IeeDuo9Zz4Wq6KGAT0C-81Bw_8D3DgU'. 
[18:38:33 Warning] **** Unhandled exception rendering component: Object reference not set to an instance of an object. 
[18:38:33 Error] **** Unhandled exception in circuit '7ARAt-oNk2-u5LPIGHX__p3N-zUTI8EwW6eelZ2GluE'. 
[18:38:33 Warning] **** Unhandled exception rendering component: Cannot access a disposed object.
Object name: 'IServiceProvider'. 
[18:38:33 Error] **** Unhandled exception in circuit '7ARAt-oNk2-u5LPIGHX__p3N-zUTI8EwW6eelZ2GluE'. 
[18:39:11 Warning] **** Unhandled exception rendering component: Object reference not set to an instance of an object. 
[18:39:11 Error] **** Unhandled exception in circuit 'dlSnjStN7PkEWsbo58deI3ciL5TJjBYflT7iMSRxxXY'. 
[18:39:12 Warning] **** Unhandled exception rendering component: Cannot access a disposed object.
Object name: 'IServiceProvider'. 
[18:39:12 Error] **** Unhandled exception in circuit 'dlSnjStN7PkEWsbo58deI3ciL5TJjBYflT7iMSRxxXY'. 
[18:39:41 Warning] **** Unhandled exception rendering component: Object reference not set to an instance of an object. 
[18:39:41 Error] **** Unhandled exception in circuit '-5zAVVku5i9TOdgcVJlf6CL-403zdWZSzXn1IRQB6-A'. 
[18:39:41 Warning] **** Unhandled exception rendering component: Cannot access a disposed object.
Object name: 'IServiceProvider'. 
[18:39:41 Error] **** Unhandled exception in circuit '-5zAVVku5i9TOdgcVJlf6CL-403zdWZSzXn1IRQB6-A'. 
