[11:20:22 Warning] **** Unhandled exception rendering component: Object reference not set to an instance of an object. 
[11:20:22 Error] **** Unhandled exception in circuit 'A5i6Ep7HhfStUH7x8hv6dv6uD6yOepEOBsemFQzJpKg'. 
[11:20:22 Warning] **** Unhandled exception rendering component: Cannot access a disposed object. 
[11:20:22 Error] **** Unhandled exception in circuit 'A5i6Ep7HhfStUH7x8hv6dv6uD6yOepEOBsemFQzJpKg'. 
[13:25:40 Warning] **** Unhandled exception rendering component: Value cannot be null. (Parameter 'model') 
[13:25:40 Error] **** Unhandled exception in circuit 'pHQGlBuP37Pw509QVARuDKGaBFm-pYfUIR2oH1chwss'. 
[13:25:40 Warning] **** Unhandled exception rendering component: Cannot access a disposed object. 
[13:25:40 Error] **** Unhandled exception in circuit 'pHQGlBuP37Pw509QVARuDKGaBFm-pYfUIR2oH1chwss'. 
[13:27:09 Warning] **** Unhandled exception rendering component: Object reference not set to an instance of an object. 
[13:27:09 Error] **** Unhandled exception in circuit '55OP8_PSDsm2tp3h3eYM8Gf_19zgDFTt9bo4UJuUCx8'. 
[13:27:09 Warning] **** Unhandled exception rendering component: Cannot access a disposed object. 
[13:27:09 Error] **** Unhandled exception in circuit '55OP8_PSDsm2tp3h3eYM8Gf_19zgDFTt9bo4UJuUCx8'. 
[13:27:43 Warning] **** Unhandled exception rendering component: Object reference not set to an instance of an object. 
[13:27:43 Error] **** Unhandled exception in circuit '9ocH7G-8OvrN0PbN0aHSpfxq93hZ7QpbMx5_oP-JfQk'. 
[13:27:43 Warning] **** Unhandled exception rendering component: Cannot access a disposed object. 
[13:27:43 Error] **** Unhandled exception in circuit '9ocH7G-8OvrN0PbN0aHSpfxq93hZ7QpbMx5_oP-JfQk'. 
[13:27:48 Warning] **** Unhandled exception rendering component: Object reference not set to an instance of an object. 
[13:27:48 Error] **** Unhandled exception in circuit 'YWCPtl4pmYjk2JNr9F8qR2SW7Wf8Bpgb4Arq0tWm9qA'. 
[13:27:48 Warning] **** Unhandled exception rendering component: Cannot access a disposed object. 
[13:27:48 Error] **** Unhandled exception in circuit 'YWCPtl4pmYjk2JNr9F8qR2SW7Wf8Bpgb4Arq0tWm9qA'. 
[13:29:34 Warning] **** Unhandled exception rendering component: Object reference not set to an instance of an object. 
[13:29:35 Error] **** Unhandled exception in circuit 'ZrUw1bfSzDWqAWQVow0aB1ChBN92-RQ5vJXIhplo-ug'. 
[13:29:36 Warning] **** Unhandled exception rendering component: Cannot access a disposed object. 
[13:29:36 Error] **** Unhandled exception in circuit 'ZrUw1bfSzDWqAWQVow0aB1ChBN92-RQ5vJXIhplo-ug'. 
[13:30:55 Warning] **** Unhandled exception rendering component: Object of type 'IFS.DB.WebApp.Shared.Components.MandatesItemComponent' does not have a property matching the name 'Item'. 
[13:30:55 Error] **** Unhandled exception in circuit 'X41kbAvmW4PPdC2HfeDjg8ThgvYJJt6SAUBaJab9zjY'. 
[13:30:56 Warning] **** Unhandled exception rendering component: Cannot access a disposed object. 
[13:30:56 Error] **** Unhandled exception in circuit 'X41kbAvmW4PPdC2HfeDjg8ThgvYJJt6SAUBaJab9zjY'. 
[13:31:47 Warning] **** Unhandled exception rendering component: Object of type 'IFS.DB.WebApp.Shared.Components.MandatesItemComponent' does not have a property matching the name 'Item'. 
[13:31:47 Error] **** Unhandled exception in circuit 'AbyUhHOF3T8-aAJA16xwTVT8HGyER84ZaOfJPc_3SUk'. 
[13:31:48 Warning] **** Unhandled exception rendering component: Cannot access a disposed object. 
[13:31:48 Error] **** Unhandled exception in circuit 'AbyUhHOF3T8-aAJA16xwTVT8HGyER84ZaOfJPc_3SUk'. 
[13:32:21 Warning] **** Unhandled exception rendering component: Object of type 'IFS.DB.WebApp.Shared.Components.MandatesItemComponent' does not have a property matching the name 'Item'. 
[13:32:21 Error] **** Unhandled exception in circuit '4112Z6Od2f2W9QjBVjDpatWiHH9GDuVktfn5qIYveQw'. 
[13:32:21 Warning] **** Unhandled exception rendering component: Cannot access a disposed object. 
[13:32:21 Error] **** Unhandled exception in circuit '4112Z6Od2f2W9QjBVjDpatWiHH9GDuVktfn5qIYveQw'. 
[13:32:39 Warning] **** Unhandled exception rendering component: Object of type 'IFS.DB.WebApp.Shared.Components.MandatesItemComponent' does not have a property matching the name 'Item'. 
[13:32:39 Error] **** Unhandled exception in circuit 'k2gSoOHh6fHd5e3Y-fHTG-QhdTfBLm4SMqHZiLRoBg0'. 
[13:32:39 Warning] **** Unhandled exception rendering component: Cannot access a disposed object. 
[13:32:39 Error] **** Unhandled exception in circuit 'k2gSoOHh6fHd5e3Y-fHTG-QhdTfBLm4SMqHZiLRoBg0'. 
[13:34:05 Warning] **** Unhandled exception rendering component: Object of type 'IFS.DB.WebApp.Shared.Components.MandatesItemComponent' does not have a property matching the name 'Item'. 
[13:34:05 Error] **** Unhandled exception in circuit 'uKlRk-S-q2vg0M0Ml8QjLyWnJ9IhFP9UKxsJKTDDEc8'. 
[13:34:05 Warning] **** Unhandled exception rendering component: Cannot access a disposed object. 
[13:34:05 Error] **** Unhandled exception in circuit 'uKlRk-S-q2vg0M0Ml8QjLyWnJ9IhFP9UKxsJKTDDEc8'. 
[13:36:17 Warning] **** Unhandled exception rendering component: Object of type 'IFS.DB.WebApp.Shared.Components.MandatesItemComponent' does not have a property matching the name 'Item'. 
[13:36:18 Error] **** Unhandled exception in circuit 'jtuGk-AiWEQu8DqmaBhQx-2P6DVJiBNzqpSIP-FT3jM'. 
[13:36:18 Warning] **** Unhandled exception rendering component: Cannot access a disposed object. 
[13:36:18 Error] **** Unhandled exception in circuit 'jtuGk-AiWEQu8DqmaBhQx-2P6DVJiBNzqpSIP-FT3jM'. 
[13:47:24 Warning] **** Unhandled exception rendering component: Object of type 'IFS.DB.WebApp.Shared.Components.MandatesItemComponent' does not have a property matching the name 'Item'. 
[13:47:24 Error] **** Unhandled exception in circuit 'e5OSOTPS5cOZcLQOYF2gKupEkvQb8yGFMHEK_OH7bbo'. 
[13:47:24 Warning] **** Unhandled exception rendering component: Cannot access a disposed object. 
[13:47:24 Error] **** Unhandled exception in circuit 'e5OSOTPS5cOZcLQOYF2gKupEkvQb8yGFMHEK_OH7bbo'. 
[13:48:10 Warning] **** Unhandled exception rendering component: Object of type 'IFS.DB.WebApp.Shared.Components.MandatesItemComponent' does not have a property matching the name 'Item'. 
[13:48:10 Error] **** Unhandled exception in circuit 'K4_nXReSVyFA-UvhpwRrhVkeenTm70t19fm4H9E4_xg'. 
[13:48:10 Warning] **** Unhandled exception rendering component: Cannot access a disposed object. 
[13:48:10 Error] **** Unhandled exception in circuit 'K4_nXReSVyFA-UvhpwRrhVkeenTm70t19fm4H9E4_xg'. 
[13:49:09 Warning] **** Unhandled exception rendering component: Object of type 'IFS.DB.WebApp.Shared.Components.MandatesItemComponent' does not have a property matching the name 'Item'. 
[13:49:09 Error] **** Unhandled exception in circuit 'XVHJPY0KBqeYNzwZ1IQGl2LFleH_CNkejE0fs7TLG7s'. 
[13:49:09 Warning] **** Unhandled exception rendering component: Cannot access a disposed object. 
[13:49:09 Error] **** Unhandled exception in circuit 'XVHJPY0KBqeYNzwZ1IQGl2LFleH_CNkejE0fs7TLG7s'. 
[13:51:52 Warning] **** Unhandled exception rendering component: Object reference not set to an instance of an object. 
[13:51:52 Error] **** Unhandled exception in circuit '7ahckUKWJyi5EhJmPPxMz2T4W_vxK2yocCqmbIG2iZw'. 
[13:51:52 Warning] **** Unhandled exception rendering component: Cannot access a disposed object. 
[13:51:52 Error] **** Unhandled exception in circuit '7ahckUKWJyi5EhJmPPxMz2T4W_vxK2yocCqmbIG2iZw'. 
[13:52:06 Warning] **** Unhandled exception rendering component: Object reference not set to an instance of an object. 
[13:52:06 Error] **** Unhandled exception in circuit 'T79A3v0KGOVlhEUP2RRuCf0RQfdvhS2ZyqD6wqqkZRw'. 
[13:52:06 Warning] **** Unhandled exception rendering component: Cannot access a disposed object. 
[13:52:06 Error] **** Unhandled exception in circuit 'T79A3v0KGOVlhEUP2RRuCf0RQfdvhS2ZyqD6wqqkZRw'. 
[13:52:39 Warning] **** Unhandled exception rendering component: Object reference not set to an instance of an object. 
[13:52:39 Error] **** Unhandled exception in circuit 'UvScDxs4DSwtsm4vSjoo-sP-X-UNfl5b14w-p0B3Dnw'. 
[13:52:39 Warning] **** Unhandled exception rendering component: Cannot access a disposed object. 
[13:52:39 Error] **** Unhandled exception in circuit 'UvScDxs4DSwtsm4vSjoo-sP-X-UNfl5b14w-p0B3Dnw'. 
[13:53:31 Warning] **** Unhandled exception rendering component: Object reference not set to an instance of an object. 
[13:53:31 Error] **** Unhandled exception in circuit 'XcwJqr8TugLXxlgXCQyqMao2QTFtwwZ9bndZvQcHpPc'. 
[13:53:31 Warning] **** Unhandled exception rendering component: Cannot access a disposed object. 
[13:53:31 Error] **** Unhandled exception in circuit 'XcwJqr8TugLXxlgXCQyqMao2QTFtwwZ9bndZvQcHpPc'. 
[13:54:40 Warning] **** Unhandled exception rendering component: Object reference not set to an instance of an object. 
[13:54:40 Error] **** Unhandled exception in circuit 'jcJ5jHUoOvOYfz-0hQs_OOrl_ebcUL1Hdz3I9DL7dyo'. 
[13:54:40 Warning] **** Unhandled exception rendering component: Cannot access a disposed object. 
[13:54:40 Error] **** Unhandled exception in circuit 'jcJ5jHUoOvOYfz-0hQs_OOrl_ebcUL1Hdz3I9DL7dyo'. 
[13:57:30 Error] **** Unhandled exception in circuit '9kyTvd_m-haUE8TtPqCKx0tfRIJ9WcYkWmZUV_jspWY'. 
[14:09:28 Warning] **** Unhandled exception rendering component: Value cannot be null. (Parameter 'model') 
[14:09:28 Error] **** Unhandled exception in circuit 'kgYRJpNsIYGkvO9BaaPzfGZHZz-Sw1jReFr3m3xw0v8'. 
[14:09:28 Warning] **** Unhandled exception rendering component: Cannot access a disposed object. 
[14:09:28 Error] **** Unhandled exception in circuit 'kgYRJpNsIYGkvO9BaaPzfGZHZz-Sw1jReFr3m3xw0v8'. 
[14:12:21 Warning] **** Unhandled exception rendering component: Object reference not set to an instance of an object. 
[14:12:21 Error] **** Unhandled exception in circuit 'ZsOl_s-a2cgHoyjW0tmqB3T_qhlUrXvXSTURZiNETn8'. 
[14:12:21 Warning] **** Unhandled exception rendering component: Cannot access a disposed object. 
[14:12:21 Error] **** Unhandled exception in circuit 'ZsOl_s-a2cgHoyjW0tmqB3T_qhlUrXvXSTURZiNETn8'. 
[14:13:27 Warning] **** Unhandled exception rendering component: Object reference not set to an instance of an object. 
[14:13:27 Error] **** Unhandled exception in circuit 'nwgRW_ARZOR97JBQBm-jY9huoLgi8y_0jG-F7rtuV24'. 
[15:22:36 Warning] **** Unhandled exception rendering component: Object reference not set to an instance of an object. 
[15:22:36 Error] **** Unhandled exception in circuit '3I3rGeTXto3qYwcjGnYWNrrFSOtMctG36x9MQVxiGVk'. 
[15:22:36 Warning] **** Unhandled exception rendering component: Cannot access a disposed object. 
[15:22:36 Error] **** Unhandled exception in circuit '3I3rGeTXto3qYwcjGnYWNrrFSOtMctG36x9MQVxiGVk'. 
[15:22:36 Warning] **** Unhandled exception rendering component: Cannot access a disposed object. 
[15:22:36 Error] **** Unhandled exception in circuit '3I3rGeTXto3qYwcjGnYWNrrFSOtMctG36x9MQVxiGVk'. 
[15:24:19 Warning] **** Unhandled exception rendering component: Object reference not set to an instance of an object. 
[15:24:19 Error] **** Unhandled exception in circuit 'EgtcNjWyN78thsDXQY8OpzEw7B8SElUO3PdyNI9QHPE'. 
[15:24:19 Warning] **** Unhandled exception rendering component: Cannot access a disposed object. 
[15:24:19 Error] **** Unhandled exception in circuit 'EgtcNjWyN78thsDXQY8OpzEw7B8SElUO3PdyNI9QHPE'. 
[15:24:19 Warning] **** Unhandled exception rendering component: Cannot access a disposed object. 
[15:24:19 Error] **** Unhandled exception in circuit 'EgtcNjWyN78thsDXQY8OpzEw7B8SElUO3PdyNI9QHPE'. 
[15:31:27 Warning] **** Unhandled exception rendering component: Object reference not set to an instance of an object. 
[15:31:27 Error] **** Unhandled exception in circuit 'eMg3PMTqd3OjB0DAam5yglSzDn2kTo6uSoJXjCijNRM'. 
[15:31:27 Warning] **** Unhandled exception rendering component: Cannot access a disposed object. 
[15:31:27 Error] **** Unhandled exception in circuit 'eMg3PMTqd3OjB0DAam5yglSzDn2kTo6uSoJXjCijNRM'. 
[15:31:27 Warning] **** Unhandled exception rendering component: Cannot access a disposed object. 
[15:31:27 Error] **** Unhandled exception in circuit 'eMg3PMTqd3OjB0DAam5yglSzDn2kTo6uSoJXjCijNRM'. 
[15:32:54 Warning] **** Unhandled exception rendering component: Object reference not set to an instance of an object. 
[15:32:54 Error] **** Unhandled exception in circuit '_04k1y6BjpsTcfteZPxAXIyO8sx1hJRh3ENm4fZMivw'. 
[15:32:54 Warning] **** Unhandled exception rendering component: Cannot access a disposed object. 
[15:32:54 Error] **** Unhandled exception in circuit '_04k1y6BjpsTcfteZPxAXIyO8sx1hJRh3ENm4fZMivw'. 
[15:32:54 Warning] **** Unhandled exception rendering component: Cannot access a disposed object. 
[15:32:54 Error] **** Unhandled exception in circuit '_04k1y6BjpsTcfteZPxAXIyO8sx1hJRh3ENm4fZMivw'. 
[15:53:43 Warning] **** Unhandled exception rendering component: Object reference not set to an instance of an object. 
[15:53:43 Error] **** Unhandled exception in circuit 'dA7SSky2hy2uFJcs1DetJesampjLhxcKRVXIEFsl38g'. 
[15:53:43 Warning] **** Unhandled exception rendering component: Cannot access a disposed object. 
[15:53:43 Error] **** Unhandled exception in circuit 'dA7SSky2hy2uFJcs1DetJesampjLhxcKRVXIEFsl38g'. 
[15:53:43 Warning] **** Unhandled exception rendering component: Cannot access a disposed object. 
[15:53:43 Error] **** Unhandled exception in circuit 'dA7SSky2hy2uFJcs1DetJesampjLhxcKRVXIEFsl38g'. 
[16:01:52 Warning] **** Unhandled exception rendering component: Object reference not set to an instance of an object. 
[16:01:52 Error] **** Unhandled exception in circuit 'vov6Q8P2dfNYwwjtA38l89J5peoIT2fByjh15POz2p8'. 
[16:01:52 Warning] **** Unhandled exception rendering component: Cannot access a disposed object. 
[16:01:52 Error] **** Unhandled exception in circuit 'vov6Q8P2dfNYwwjtA38l89J5peoIT2fByjh15POz2p8'. 
[16:01:52 Warning] **** Unhandled exception rendering component: Cannot access a disposed object. 
[16:01:52 Error] **** Unhandled exception in circuit 'vov6Q8P2dfNYwwjtA38l89J5peoIT2fByjh15POz2p8'. 
[16:01:58 Warning] **** Unhandled exception rendering component: Object reference not set to an instance of an object. 
[16:01:58 Error] **** Unhandled exception in circuit 'ICui9fy9aediy949qFWFB8wACLppt4HbHu7xmrTcGng'. 
[16:01:58 Warning] **** Unhandled exception rendering component: Cannot access a disposed object. 
[16:01:58 Error] **** Unhandled exception in circuit 'ICui9fy9aediy949qFWFB8wACLppt4HbHu7xmrTcGng'. 
[16:01:58 Warning] **** Unhandled exception rendering component: Cannot access a disposed object. 
[16:01:58 Error] **** Unhandled exception in circuit 'ICui9fy9aediy949qFWFB8wACLppt4HbHu7xmrTcGng'. 
[16:02:13 Warning] **** Unhandled exception rendering component: Object reference not set to an instance of an object. 
[16:02:13 Error] **** Unhandled exception in circuit '0T6jXIzCY9x5hRlGoUgklpmkaaPQYy7_j8RK3vCsz-Q'. 
[16:02:13 Warning] **** Unhandled exception rendering component: Cannot access a disposed object. 
[16:02:13 Error] **** Unhandled exception in circuit '0T6jXIzCY9x5hRlGoUgklpmkaaPQYy7_j8RK3vCsz-Q'. 
[16:02:13 Warning] **** Unhandled exception rendering component: Cannot access a disposed object. 
[16:02:13 Error] **** Unhandled exception in circuit '0T6jXIzCY9x5hRlGoUgklpmkaaPQYy7_j8RK3vCsz-Q'. 
[16:55:53 Warning] **** Unhandled exception rendering component: Object reference not set to an instance of an object. 
[16:55:53 Error] **** Unhandled exception in circuit 'HESKdWZcFa2J_yzM89cs8U5ngnljXMw1VmteTJ_7N2U'. 
[16:55:53 Warning] **** Unhandled exception rendering component: Cannot access a disposed object. 
[16:55:53 Error] **** Unhandled exception in circuit 'HESKdWZcFa2J_yzM89cs8U5ngnljXMw1VmteTJ_7N2U'. 
[16:55:53 Warning] **** Unhandled exception rendering component: Cannot access a disposed object. 
[16:55:53 Error] **** Unhandled exception in circuit 'HESKdWZcFa2J_yzM89cs8U5ngnljXMw1VmteTJ_7N2U'. 
[17:05:03 Warning] **** Unhandled exception rendering component: Object reference not set to an instance of an object. 
[17:05:03 Error] **** Unhandled exception in circuit 'D2958aWxdwflU7tpgnQ9-G6dUP_pEdKIUcctI6zqv0Q'. 
[17:05:03 Warning] **** Unhandled exception rendering component: Cannot access a disposed object. 
[17:05:03 Error] **** Unhandled exception in circuit 'D2958aWxdwflU7tpgnQ9-G6dUP_pEdKIUcctI6zqv0Q'. 
[17:05:03 Warning] **** Unhandled exception rendering component: Cannot access a disposed object. 
[17:05:03 Error] **** Unhandled exception in circuit 'D2958aWxdwflU7tpgnQ9-G6dUP_pEdKIUcctI6zqv0Q'. 
[17:06:14 Warning] **** Unhandled exception rendering component: Object reference not set to an instance of an object. 
[17:06:14 Error] **** Unhandled exception in circuit 'QD5kpkwDON4q524f3IIh8LWbCjen2GFGTjI7dH9NGL8'. 
[17:06:14 Warning] **** Unhandled exception rendering component: Cannot access a disposed object. 
[17:06:14 Error] **** Unhandled exception in circuit 'QD5kpkwDON4q524f3IIh8LWbCjen2GFGTjI7dH9NGL8'. 
[17:06:15 Warning] **** Unhandled exception rendering component: Cannot access a disposed object. 
[17:06:15 Error] **** Unhandled exception in circuit 'QD5kpkwDON4q524f3IIh8LWbCjen2GFGTjI7dH9NGL8'. 
