[10:28:12 Warning] **** Unhandled exception rendering component: Object reference not set to an instance of an object. 
[10:28:12 Error] **** Unhandled exception in circuit 'hPcmiVS2_XJBRtWmWjDbd4spSTEEGkJi9bQ7gPYDY6g'. 
[10:28:12 Warning] **** Unhandled exception rendering component: DataAnnotationsValidator requires a cascading parameter of type EditContext. For example, you can use DataAnnotationsValidator inside an EditForm. 
[10:28:12 Error] **** Unhandled exception in circuit 'hPcmiVS2_XJBRtWmWjDbd4spSTEEGkJi9bQ7gPYDY6g'. 
[10:28:12 Warning] **** Unhandled exception rendering component: Cannot access a disposed object. 
[10:28:12 Error] **** Unhandled exception in circuit 'hPcmiVS2_XJBRtWmWjDbd4spSTEEGkJi9bQ7gPYDY6g'. 
[10:28:30 Warning] **** Unhandled exception rendering component: Object reference not set to an instance of an object. 
[10:28:30 Error] **** Unhandled exception in circuit 'xzFkRpYDa8gn_d9hABNjlSQLF6tj825vcFxHL8qB4j4'. 
[10:28:30 Warning] **** Unhandled exception rendering component: DataAnnotationsValidator requires a cascading parameter of type EditContext. For example, you can use DataAnnotationsValidator inside an EditForm. 
[10:28:30 Error] **** Unhandled exception in circuit 'xzFkRpYDa8gn_d9hABNjlSQLF6tj825vcFxHL8qB4j4'. 
[10:28:30 Warning] **** Unhandled exception rendering component: Cannot access a disposed object. 
[10:28:30 Error] **** Unhandled exception in circuit 'xzFkRpYDa8gn_d9hABNjlSQLF6tj825vcFxHL8qB4j4'. 
[10:28:31 Warning] **** Unhandled exception rendering component: Object reference not set to an instance of an object. 
[10:28:31 Error] **** Unhandled exception in circuit 'HLoV6Suu4STvYQFO2cvWAU0GdReEPtGYjNv86CGFH7E'. 
[10:28:31 Warning] **** Unhandled exception rendering component: DataAnnotationsValidator requires a cascading parameter of type EditContext. For example, you can use DataAnnotationsValidator inside an EditForm. 
[10:28:31 Error] **** Unhandled exception in circuit 'HLoV6Suu4STvYQFO2cvWAU0GdReEPtGYjNv86CGFH7E'. 
[10:28:31 Warning] **** Unhandled exception rendering component: Cannot access a disposed object. 
[10:28:31 Error] **** Unhandled exception in circuit 'HLoV6Suu4STvYQFO2cvWAU0GdReEPtGYjNv86CGFH7E'. 
[10:28:34 Warning] **** Unhandled exception rendering component: Object reference not set to an instance of an object. 
[10:28:34 Error] **** Unhandled exception in circuit '9ElRKJAmTtScQRJY4j8dst8zRd0QBJRmd0tjQw_VX4I'. 
[10:28:34 Warning] **** Unhandled exception rendering component: DataAnnotationsValidator requires a cascading parameter of type EditContext. For example, you can use DataAnnotationsValidator inside an EditForm. 
[10:28:34 Error] **** Unhandled exception in circuit '9ElRKJAmTtScQRJY4j8dst8zRd0QBJRmd0tjQw_VX4I'. 
[10:28:34 Warning] **** Unhandled exception rendering component: Cannot access a disposed object. 
[10:28:34 Error] **** Unhandled exception in circuit '9ElRKJAmTtScQRJY4j8dst8zRd0QBJRmd0tjQw_VX4I'. 
[10:29:12 Error] **** Unhandled exception in circuit 'hPcmiVS2_XJBRtWmWjDbd4spSTEEGkJi9bQ7gPYDY6g'. 
[10:31:21 Warning] **** Unhandled exception rendering component: Object reference not set to an instance of an object. 
[10:31:21 Error] **** Unhandled exception in circuit 'esLCev1HImcy2p-6mUTcCPmW8bVIkLN89_UUrxKerkQ'. 
[10:31:21 Warning] **** Unhandled exception rendering component: DataAnnotationsValidator requires a cascading parameter of type EditContext. For example, you can use DataAnnotationsValidator inside an EditForm. 
[10:31:21 Error] **** Unhandled exception in circuit 'esLCev1HImcy2p-6mUTcCPmW8bVIkLN89_UUrxKerkQ'. 
[10:31:21 Warning] **** Unhandled exception rendering component: Cannot access a disposed object. 
[10:31:21 Error] **** Unhandled exception in circuit 'esLCev1HImcy2p-6mUTcCPmW8bVIkLN89_UUrxKerkQ'. 
[10:31:44 Error] **** Unhandled exception in circuit 'esLCev1HImcy2p-6mUTcCPmW8bVIkLN89_UUrxKerkQ'. 
[10:48:18 Warning] **** Unhandled exception rendering component: Microsoft.AspNetCore.Components.Forms.InputCheckbox requires a value for the 'ValueExpression' parameter. Normally this is provided automatically when using 'bind-Value'. 
[10:48:18 Error] **** Unhandled exception in circuit '2FUMGERHuIkSoiSm_tsTDDphmMBLDZds587vxzdB6J0'. 
[10:48:18 Warning] **** Unhandled exception rendering component: Microsoft.AspNetCore.Components.Forms.InputCheckbox requires a cascading parameter of type EditContext. For example, you can use Microsoft.AspNetCore.Components.Forms.InputCheckbox inside an EditForm. 
[10:48:18 Error] **** Unhandled exception in circuit '2FUMGERHuIkSoiSm_tsTDDphmMBLDZds587vxzdB6J0'. 
[10:48:18 Warning] **** Unhandled exception rendering component: Microsoft.AspNetCore.Components.Forms.InputCheckbox requires a cascading parameter of type EditContext. For example, you can use Microsoft.AspNetCore.Components.Forms.InputCheckbox inside an EditForm. 
[10:48:18 Error] **** Unhandled exception in circuit '2FUMGERHuIkSoiSm_tsTDDphmMBLDZds587vxzdB6J0'. 
[10:48:18 Warning] **** Unhandled exception rendering component: Microsoft.AspNetCore.Components.Forms.InputCheckbox requires a cascading parameter of type EditContext. For example, you can use Microsoft.AspNetCore.Components.Forms.InputCheckbox inside an EditForm. 
[10:48:18 Error] **** Unhandled exception in circuit '2FUMGERHuIkSoiSm_tsTDDphmMBLDZds587vxzdB6J0'. 
[10:48:18 Warning] **** Unhandled exception rendering component: Microsoft.AspNetCore.Components.Forms.InputCheckbox requires a cascading parameter of type EditContext. For example, you can use Microsoft.AspNetCore.Components.Forms.InputCheckbox inside an EditForm. 
[10:48:18 Error] **** Unhandled exception in circuit '2FUMGERHuIkSoiSm_tsTDDphmMBLDZds587vxzdB6J0'. 
[10:48:18 Warning] **** Unhandled exception rendering component: Cannot access a disposed object. 
[10:48:18 Error] **** Unhandled exception in circuit '2FUMGERHuIkSoiSm_tsTDDphmMBLDZds587vxzdB6J0'. 
[11:12:43 Warning] **** Unhandled exception rendering component: Object of type 'IFS.DB.WebApp.Features.Admin.Pages.UserEdit' has a property matching the name 'userID', but it does not have [ParameterAttribute] or [CascadingParameterAttribute] applied. 
[11:12:43 Error] **** Unhandled exception in circuit '7neZchG_rY8bnpYjiMBb7FCm8AiuBtqswe1MT36kQ8I'. 
[11:12:44 Warning] **** Unhandled exception rendering component: Cannot access a disposed object.
Object name: 'IServiceProvider'. 
[11:12:44 Error] **** Unhandled exception in circuit '7neZchG_rY8bnpYjiMBb7FCm8AiuBtqswe1MT36kQ8I'. 
[11:13:43 Warning] **** Unhandled exception rendering component: Object of type 'IFS.DB.WebApp.Features.Admin.Pages.UserEdit' has a property matching the name 'userID', but it does not have [ParameterAttribute] or [CascadingParameterAttribute] applied. 
[11:13:43 Error] **** Unhandled exception in circuit 'ozKbMFTC-E-L9uuzK2cyd6jb8NGHSZksYao4_4kfg2M'. 
[11:13:43 Warning] **** Unhandled exception rendering component: Cannot access a disposed object.
Object name: 'IServiceProvider'. 
[11:13:43 Error] **** Unhandled exception in circuit 'ozKbMFTC-E-L9uuzK2cyd6jb8NGHSZksYao4_4kfg2M'. 
[11:14:09 Warning] **** Unhandled exception rendering component: Object of type 'IFS.DB.WebApp.Features.Admin.Pages.UserEdit' has a property matching the name 'userID', but it does not have [ParameterAttribute] or [CascadingParameterAttribute] applied. 
[11:14:09 Error] **** Unhandled exception in circuit '7ZHXGOeYJYGrOcDFP2zef7EC0_9oIv29rapYRwFPZWo'. 
[11:14:09 Warning] **** Unhandled exception rendering component: Cannot access a disposed object.
Object name: 'IServiceProvider'. 
[11:14:09 Error] **** Unhandled exception in circuit '7ZHXGOeYJYGrOcDFP2zef7EC0_9oIv29rapYRwFPZWo'. 
[11:15:29 Warning] **** Unhandled exception rendering component: Object reference not set to an instance of an object. 
[11:15:29 Error] **** Unhandled exception in circuit 'Vw6ouJ-__aSpL8sqVgjwUMvs6xBYIZjiGhgEiEiMzeo'. 
[11:15:29 Warning] **** Unhandled exception rendering component: Cannot access a disposed object.
Object name: 'IServiceProvider'. 
[11:15:29 Error] **** Unhandled exception in circuit 'Vw6ouJ-__aSpL8sqVgjwUMvs6xBYIZjiGhgEiEiMzeo'. 
[11:20:32 Warning] **** Unhandled exception rendering component: Object reference not set to an instance of an object. 
[11:20:32 Error] **** Unhandled exception in circuit '7LNjBO_zXykltx5ZyRFn-qYvIni66M_b8GxMJlVf1fQ'. 
[11:20:32 Warning] **** Unhandled exception rendering component: Cannot access a disposed object.
Object name: 'IServiceProvider'. 
[11:20:32 Error] **** Unhandled exception in circuit '7LNjBO_zXykltx5ZyRFn-qYvIni66M_b8GxMJlVf1fQ'. 
[11:21:28 Warning] **** Unhandled exception rendering component: Object reference not set to an instance of an object. 
[11:21:28 Error] **** Unhandled exception in circuit 'OmafOLNeedx4vaRJMeUq76u5w_s9iOoj7Nxeu2m3WNU'. 
[11:21:28 Warning] **** Unhandled exception rendering component: Cannot access a disposed object.
Object name: 'IServiceProvider'. 
[11:21:28 Error] **** Unhandled exception in circuit 'OmafOLNeedx4vaRJMeUq76u5w_s9iOoj7Nxeu2m3WNU'. 
[11:21:52 Warning] **** Unhandled exception rendering component: Object reference not set to an instance of an object. 
[11:21:52 Error] **** Unhandled exception in circuit 'A-qGMS26yTbgzAmIEKsMbvXZ99OBR8YIsLtDkOYQ2P8'. 
[11:21:52 Warning] **** Unhandled exception rendering component: Cannot access a disposed object.
Object name: 'IServiceProvider'. 
[11:21:52 Error] **** Unhandled exception in circuit 'A-qGMS26yTbgzAmIEKsMbvXZ99OBR8YIsLtDkOYQ2P8'. 
[11:35:40 Warning] **** Unhandled exception rendering component: Object of type 'IFS.DB.WebApp.Features.Admin.Pages.UserEdit' has a property matching the name 'userID', but it does not have [ParameterAttribute] or [CascadingParameterAttribute] applied. 
[11:35:40 Error] **** Unhandled exception in circuit 'qbKLUy6dtDqRF_cWm6DdJ5O5hjIaZEc_uX3jQi4K_MI'. 
[11:35:41 Warning] **** Unhandled exception rendering component: Cannot access a disposed object. 
[11:35:41 Error] **** Unhandled exception in circuit 'qbKLUy6dtDqRF_cWm6DdJ5O5hjIaZEc_uX3jQi4K_MI'. 
[11:37:24 Warning] **** Unhandled exception rendering component: Object of type 'IFS.DB.WebApp.Features.Admin.Pages.UserEdit' does not have a property matching the name 'userID'. 
[11:37:24 Error] **** Unhandled exception in circuit '-B9VIFWkYv6kyzxgTIZYXxnab93Jg8Gt1r2u__oVbg8'. 
[11:37:24 Warning] **** Unhandled exception rendering component: Cannot access a disposed object. 
[11:37:24 Error] **** Unhandled exception in circuit '-B9VIFWkYv6kyzxgTIZYXxnab93Jg8Gt1r2u__oVbg8'. 
[11:37:42 Warning] **** Unhandled exception rendering component: Object of type 'IFS.DB.WebApp.Features.Admin.Pages.UserEdit' does not have a property matching the name 'userID'. 
[11:37:42 Error] **** Unhandled exception in circuit 'd0PAWJnfg_90g5YHMGhAn4anUvgl_Fl_Ycqzvr1HpGA'. 
[11:37:42 Warning] **** Unhandled exception rendering component: Cannot access a disposed object. 
[11:37:42 Error] **** Unhandled exception in circuit 'd0PAWJnfg_90g5YHMGhAn4anUvgl_Fl_Ycqzvr1HpGA'. 
[11:38:10 Warning] **** Unhandled exception rendering component: Object reference not set to an instance of an object. 
[11:38:10 Error] **** Unhandled exception in circuit 'oDVkgic8XJxEpK3uQQtV6m8auu-dUHgaL2dIafAVoYc'. 
[11:38:10 Warning] **** Unhandled exception rendering component: Cannot access a disposed object.
Object name: 'IServiceProvider'. 
[11:38:10 Error] **** Unhandled exception in circuit 'oDVkgic8XJxEpK3uQQtV6m8auu-dUHgaL2dIafAVoYc'. 
[11:38:10 Warning] **** Unhandled exception rendering component: JavaScript interop calls cannot be issued at this time. This is because the circuit has disconnected and is being disposed. 
[11:38:10 Error] **** Unhandled exception in circuit 'oDVkgic8XJxEpK3uQQtV6m8auu-dUHgaL2dIafAVoYc'. 
[11:39:31 Warning] **** Unhandled exception rendering component: Object reference not set to an instance of an object. 
[11:39:31 Error] **** Unhandled exception in circuit 'rOVH_t-vW_4_5NPI69eToFF1TphpYKpJJP0tkT45vo0'. 
[11:39:31 Warning] **** Unhandled exception rendering component: Cannot access a disposed object.
Object name: 'IServiceProvider'. 
[11:39:31 Error] **** Unhandled exception in circuit 'rOVH_t-vW_4_5NPI69eToFF1TphpYKpJJP0tkT45vo0'. 
[11:40:12 Warning] **** Unhandled exception rendering component: Object reference not set to an instance of an object. 
[11:40:12 Error] **** Unhandled exception in circuit 'VaUCBSG0o1ZII9mdsYYmPQXSbcLIQbM5JoUHbDtoSi8'. 
[11:40:12 Warning] **** Unhandled exception rendering component: Cannot access a disposed object.
Object name: 'IServiceProvider'. 
[11:40:12 Error] **** Unhandled exception in circuit 'VaUCBSG0o1ZII9mdsYYmPQXSbcLIQbM5JoUHbDtoSi8'. 
[11:40:12 Warning] **** Unhandled exception rendering component: JavaScript interop calls cannot be issued at this time. This is because the circuit has disconnected and is being disposed. 
[11:40:12 Error] **** Unhandled exception in circuit 'VaUCBSG0o1ZII9mdsYYmPQXSbcLIQbM5JoUHbDtoSi8'. 
[11:46:21 Warning] **** Unhandled exception rendering component: Unable to set property 'EventOkClick' on object of type 'IFS.DB.WebApp.Shared.Components.CommonModalComponent'. The error was: Unable to cast object of type 'System.Threading.Tasks.Task`1[System.Threading.Tasks.VoidTaskResult]' to type 'Microsoft.AspNetCore.Components.EventCallback'. 
[11:46:21 Error] **** Unhandled exception in circuit '6tV1T0X4IVuQmRtRRMgj_roRaX2w8cVx8osJRR6UtJE'. 
[11:46:21 Warning] **** Unhandled exception rendering component: Cannot access a disposed object. 
[11:46:21 Error] **** Unhandled exception in circuit '6tV1T0X4IVuQmRtRRMgj_roRaX2w8cVx8osJRR6UtJE'. 
[11:46:21 Warning] **** Unhandled exception rendering component: JavaScript interop calls cannot be issued at this time. This is because the circuit has disconnected and is being disposed. 
[11:46:21 Error] **** Unhandled exception in circuit '6tV1T0X4IVuQmRtRRMgj_roRaX2w8cVx8osJRR6UtJE'. 
[11:47:37 Warning] **** Unhandled exception rendering component: Unable to set property 'EventOkClick' on object of type 'IFS.DB.WebApp.Shared.Components.CommonModalComponent'. The error was: Unable to cast object of type 'System.Threading.Tasks.Task`1[System.Threading.Tasks.VoidTaskResult]' to type 'Microsoft.AspNetCore.Components.EventCallback'. 
[11:47:37 Error] **** Unhandled exception in circuit 'lvrg9OzJNFa_k_PxpG3C_RkM5qp4Ce_yA8xSr3W-SGo'. 
[11:47:37 Warning] **** Unhandled exception rendering component: Cannot access a disposed object. 
[11:47:37 Error] **** Unhandled exception in circuit 'lvrg9OzJNFa_k_PxpG3C_RkM5qp4Ce_yA8xSr3W-SGo'. 
[11:47:37 Warning] **** Unhandled exception rendering component: JavaScript interop calls cannot be issued at this time. This is because the circuit has disconnected and is being disposed. 
[11:47:37 Error] **** Unhandled exception in circuit 'lvrg9OzJNFa_k_PxpG3C_RkM5qp4Ce_yA8xSr3W-SGo'. 
[11:47:53 Warning] **** Unhandled exception rendering component: Unable to set property 'EventOkClick' on object of type 'IFS.DB.WebApp.Shared.Components.CommonModalComponent'. The error was: Unable to cast object of type 'System.Threading.Tasks.Task`1[System.Threading.Tasks.VoidTaskResult]' to type 'Microsoft.AspNetCore.Components.EventCallback'. 
[11:47:53 Error] **** Unhandled exception in circuit 'I4WL_BWb7zrjK-6QdRkbBds0WevBJdTPL7nP5GYvWxQ'. 
[11:47:53 Warning] **** Unhandled exception rendering component: Cannot access a disposed object. 
[11:47:53 Error] **** Unhandled exception in circuit 'I4WL_BWb7zrjK-6QdRkbBds0WevBJdTPL7nP5GYvWxQ'. 
[11:47:53 Warning] **** Unhandled exception rendering component: JavaScript interop calls cannot be issued at this time. This is because the circuit has disconnected and is being disposed. 
[11:47:53 Error] **** Unhandled exception in circuit 'I4WL_BWb7zrjK-6QdRkbBds0WevBJdTPL7nP5GYvWxQ'. 
[11:49:11 Warning] **** Unhandled exception rendering component: Unable to set property 'EventOkClick' on object of type 'IFS.DB.WebApp.Shared.Components.CommonModalComponent'. The error was: Unable to cast object of type 'System.Func`1[System.Threading.Tasks.Task]' to type 'Microsoft.AspNetCore.Components.EventCallback'. 
[11:49:11 Error] **** Unhandled exception in circuit '1BRO72N7qZ_k17LqEBRv1ar5vDjuc_MuV4L8DY8Nadk'. 
[11:49:11 Warning] **** Unhandled exception rendering component: Cannot access a disposed object. 
[11:49:11 Error] **** Unhandled exception in circuit '1BRO72N7qZ_k17LqEBRv1ar5vDjuc_MuV4L8DY8Nadk'. 
[11:49:11 Warning] **** Unhandled exception rendering component: JavaScript interop calls cannot be issued at this time. This is because the circuit has disconnected and is being disposed. 
[11:49:11 Error] **** Unhandled exception in circuit '1BRO72N7qZ_k17LqEBRv1ar5vDjuc_MuV4L8DY8Nadk'. 
[11:50:24 Warning] **** Unhandled exception rendering component: Unable to set property 'EventOkClick' on object of type 'IFS.DB.WebApp.Shared.Components.CommonModalComponent'. The error was: Unable to cast object of type 'System.Action' to type 'Microsoft.AspNetCore.Components.EventCallback'. 
[11:50:24 Error] **** Unhandled exception in circuit 'eUzlTeQ1zpxfEp1Gy5r_uZSKAXlPJiyQwDMHSUQ-z-g'. 
[11:50:24 Warning] **** Unhandled exception rendering component: Cannot access a disposed object. 
[11:50:24 Error] **** Unhandled exception in circuit 'eUzlTeQ1zpxfEp1Gy5r_uZSKAXlPJiyQwDMHSUQ-z-g'. 
[11:50:24 Warning] **** Unhandled exception rendering component: JavaScript interop calls cannot be issued at this time. This is because the circuit has disconnected and is being disposed. 
[11:50:24 Error] **** Unhandled exception in circuit 'eUzlTeQ1zpxfEp1Gy5r_uZSKAXlPJiyQwDMHSUQ-z-g'. 
[13:54:22 Warning] **** Unhandled exception rendering component: Object reference not set to an instance of an object. 
[13:54:22 Error] **** Unhandled exception in circuit 'DS75gw6RwguCGv8z7k0E3qIawhHykfg3ZtO6s-tLZm0'. 
[13:54:22 Warning] **** Unhandled exception rendering component: Cannot access a disposed object. 
[13:54:22 Error] **** Unhandled exception in circuit 'DS75gw6RwguCGv8z7k0E3qIawhHykfg3ZtO6s-tLZm0'. 
[13:54:22 Warning] **** Unhandled exception rendering component: JavaScript interop calls cannot be issued at this time. This is because the circuit has disconnected and is being disposed. 
[13:54:22 Error] **** Unhandled exception in circuit 'DS75gw6RwguCGv8z7k0E3qIawhHykfg3ZtO6s-tLZm0'. 
[13:57:01 Warning] **** Unhandled exception rendering component: Object reference not set to an instance of an object. 
[13:57:01 Error] **** Unhandled exception in circuit 'xTbSHCG_fOYx3NepfMR2DdaQ8uxltVuAC_bW3e9HCi0'. 
[13:57:01 Warning] **** Unhandled exception rendering component: Cannot access a disposed object. 
[13:57:01 Error] **** Unhandled exception in circuit 'xTbSHCG_fOYx3NepfMR2DdaQ8uxltVuAC_bW3e9HCi0'. 
[13:57:01 Warning] **** Unhandled exception rendering component: JavaScript interop calls cannot be issued at this time. This is because the circuit has disconnected and is being disposed. 
[13:57:01 Error] **** Unhandled exception in circuit 'xTbSHCG_fOYx3NepfMR2DdaQ8uxltVuAC_bW3e9HCi0'. 
[13:58:04 Warning] **** Unhandled exception rendering component: Object reference not set to an instance of an object. 
[13:58:04 Error] **** Unhandled exception in circuit '0SYtsS9YSEb-aNHBy29HUwicysrcwZO-7Ws43roZBt4'. 
[13:58:04 Warning] **** Unhandled exception rendering component: Cannot access a disposed object. 
[13:58:04 Error] **** Unhandled exception in circuit '0SYtsS9YSEb-aNHBy29HUwicysrcwZO-7Ws43roZBt4'. 
[13:58:04 Warning] **** Unhandled exception rendering component: JavaScript interop calls cannot be issued at this time. This is because the circuit has disconnected and is being disposed. 
[13:58:04 Error] **** Unhandled exception in circuit '0SYtsS9YSEb-aNHBy29HUwicysrcwZO-7Ws43roZBt4'. 
[14:00:10 Warning] **** Unhandled exception rendering component: Object reference not set to an instance of an object. 
[14:00:10 Error] **** Unhandled exception in circuit 'wwAcSVBF3jG2bcTJ7I7KBDV37iUkURbrBwv43kEJhXM'. 
[14:00:10 Warning] **** Unhandled exception rendering component: Cannot access a disposed object. 
[14:00:10 Error] **** Unhandled exception in circuit 'wwAcSVBF3jG2bcTJ7I7KBDV37iUkURbrBwv43kEJhXM'. 
[14:00:10 Warning] **** Unhandled exception rendering component: JavaScript interop calls cannot be issued at this time. This is because the circuit has disconnected and is being disposed. 
[14:00:10 Error] **** Unhandled exception in circuit 'wwAcSVBF3jG2bcTJ7I7KBDV37iUkURbrBwv43kEJhXM'. 
[14:09:14 Warning] **** Unhandled exception rendering component: Value cannot be null. (Parameter 'model') 
[14:09:14 Error] **** Unhandled exception in circuit '21HKZsKwGygcBqf5yLiRBZ7JoCC3poAKtuDb0QQVj6g'. 
[14:09:14 Warning] **** Unhandled exception rendering component: Cannot access a disposed object. 
[14:09:14 Error] **** Unhandled exception in circuit '21HKZsKwGygcBqf5yLiRBZ7JoCC3poAKtuDb0QQVj6g'. 
[16:32:37 Warning] **** Unhandled exception rendering component: Microsoft.AspNetCore.Components.Forms.InputSelect`1[System.String] requires a cascading parameter of type EditContext. For example, you can use Microsoft.AspNetCore.Components.Forms.InputSelect`1[[System.String, System.Private.CoreLib, Version=6.0.0.0, Culture=neutral, PublicKeyToken=7cec85d7bea7798e]] inside an EditForm. 
[16:32:37 Error] **** Unhandled exception in circuit 'IydxLFlbUOqwX9upWG09g_crdv48-BYQViFieE5_wX0'. 
[16:32:37 Warning] **** Unhandled exception rendering component: Cannot access a disposed object. 
[16:32:37 Error] **** Unhandled exception in circuit 'IydxLFlbUOqwX9upWG09g_crdv48-BYQViFieE5_wX0'. 
